#
# There is insufficient memory for the Java Runtime Environment to continue.
# Native memory allocation (malloc) failed to allocate 1217776 bytes. Error detail: Chunk::new
# Possible reasons:
#   The system is out of physical RAM or swap space
#   This process is running with CompressedOops enabled, and the Java Heap may be blocking the growth of the native heap
# Possible solutions:
#   Reduce memory load on the system
#   Increase physical memory or swap space
#   Check if swap backing store is full
#   Decrease Java heap size (-Xmx/-Xms)
#   Decrease number of Java threads
#   Decrease Java thread stack sizes (-Xss)
#   Set larger code cache with -XX:ReservedCodeCacheSize=
#   JVM is running with Unscaled Compressed Oops mode in which the Java heap is
#     placed in the first 4GB address space. The Java Heap base address is the
#     maximum limit for the native heap growth. Please use -XX:HeapBaseMinAddress
#     to set the Java Heap base and to place the Java Heap above 4GB virtual address.
# This output file may be truncated or incomplete.
#
#  Out of Memory Error (arena.cpp:168), pid=1464, tid=7560
#
# JRE version: OpenJDK Runtime Environment Temurin-21.0.8+9 (21.0.8+9) (build 21.0.8+9-LTS)
# Java VM: OpenJDK 64-Bit Server VM Temurin-21.0.8+9 (21.0.8+9-LTS, mixed mode, sharing, tiered, compressed oops, compressed class ptrs, g1 gc, windows-amd64)
# No core dump will be written. Minidumps are not enabled by default on client versions of Windows
#

---------------  S U M M A R Y ------------

Command Line: -Dfile.encoding=UTF-8 -Dstdout.encoding=UTF-8 -Dstderr.encoding=UTF-8 -XX:+ShowCodeDetailsInExceptionMessages com.employee.employee_api.EmployeeApiApplication

Host: AMD Ryzen 3 3250U with Radeon Graphics         , 4 cores, 3G,  Windows 10 , 64 bit Build 19041 (10.0.19041.5915)
Time: Fri Feb  6 14:54:05 2026 India Standard Time elapsed time: 24.400485 seconds (0d 0h 0m 24s)

---------------  T H R E A D  ---------------

Current thread (0x000001c062143af0):  JavaThread "C2 CompilerThread0" daemon [_thread_in_native, id=7560, stack(0x000000bde2700000,0x000000bde2800000) (1024K)]


Current CompileTask:
C2:24400 5720       4       org.springframework.core.ResolvableType::hasGenerics (14 bytes)

Stack: [0x000000bde2700000,0x000000bde2800000]
Native frames: (J=compiled Java code, j=interpreted, Vv=VM code, C=native code)
V  [jvm.dll+0x6d2449]
V  [jvm.dll+0x8ae341]
V  [jvm.dll+0x8b08be]
V  [jvm.dll+0x8b0fa3]
V  [jvm.dll+0x280c96]
V  [jvm.dll+0xc581d]
V  [jvm.dll+0xc5d53]
V  [jvm.dll+0x3b9162]
V  [jvm.dll+0x1e1409]
V  [jvm.dll+0x249022]
V  [jvm.dll+0x2484af]
V  [jvm.dll+0x1c89ee]
V  [jvm.dll+0x257d4d]
V  [jvm.dll+0x2562ea]
V  [jvm.dll+0x3f2d16]
V  [jvm.dll+0x857e6b]
V  [jvm.dll+0x6d0b0d]
C  [ucrtbase.dll+0x21bb2]
C  [KERNEL32.DLL+0x17374]
C  [ntdll.dll+0x4cc91]


---------------  P R O C E S S  ---------------

Threads class SMR info:
_java_thread_list=0x000001c0684a3840, length=16, elements={
0x000001c04a0e9c60, 0x000001c04c39e4a0, 0x000001c06213a8d0, 0x000001c06213fe70,
0x000001c0621408c0, 0x000001c062141310, 0x000001c062141d60, 0x000001c062143af0,
0x000001c0621b43f0, 0x000001c06229acb0, 0x000001c0622a6ca0, 0x000001c062ac9fd0,
0x000001c068483040, 0x000001c0684836a0, 0x000001c062caecf0, 0x000001c067225820
}

Java Threads: ( => current thread )
  0x000001c04a0e9c60 JavaThread "main"                              [_thread_in_native, id=4752, stack(0x000000bde1900000,0x000000bde1a00000) (1024K)]
  0x000001c04c39e4a0 JavaThread "Reference Handler"          daemon [_thread_blocked, id=13296, stack(0x000000bde2100000,0x000000bde2200000) (1024K)]
  0x000001c06213a8d0 JavaThread "Finalizer"                  daemon [_thread_blocked, id=636, stack(0x000000bde2200000,0x000000bde2300000) (1024K)]
  0x000001c06213fe70 JavaThread "Signal Dispatcher"          daemon [_thread_blocked, id=7832, stack(0x000000bde2300000,0x000000bde2400000) (1024K)]
  0x000001c0621408c0 JavaThread "Attach Listener"            daemon [_thread_blocked, id=12700, stack(0x000000bde2400000,0x000000bde2500000) (1024K)]
  0x000001c062141310 JavaThread "Service Thread"             daemon [_thread_blocked, id=5676, stack(0x000000bde2500000,0x000000bde2600000) (1024K)]
  0x000001c062141d60 JavaThread "Monitor Deflation Thread"   daemon [_thread_blocked, id=8564, stack(0x000000bde2600000,0x000000bde2700000) (1024K)]
=>0x000001c062143af0 JavaThread "C2 CompilerThread0"         daemon [_thread_in_native, id=7560, stack(0x000000bde2700000,0x000000bde2800000) (1024K)]
  0x000001c0621b43f0 JavaThread "C1 CompilerThread0"         daemon [_thread_blocked, id=13076, stack(0x000000bde2800000,0x000000bde2900000) (1024K)]
  0x000001c06229acb0 JavaThread "Notification Thread"        daemon [_thread_blocked, id=8168, stack(0x000000bde2900000,0x000000bde2a00000) (1024K)]
  0x000001c0622a6ca0 JavaThread "Common-Cleaner"             daemon [_thread_blocked, id=13240, stack(0x000000bde2a00000,0x000000bde2b00000) (1024K)]
  0x000001c062ac9fd0 JavaThread "Catalina-utility-1"                [_thread_blocked, id=1176, stack(0x000000bde2e00000,0x000000bde2f00000) (1024K)]
  0x000001c068483040 JavaThread "Catalina-utility-2"                [_thread_blocked, id=5040, stack(0x000000bde2f00000,0x000000bde3000000) (1024K)]
  0x000001c0684836a0 JavaThread "container-0"                       [_thread_blocked, id=12992, stack(0x000000bde3000000,0x000000bde3100000) (1024K)]
  0x000001c062caecf0 JavaThread "mysql-cj-abandoned-connection-cleanup" daemon [_thread_blocked, id=16944, stack(0x000000bde3100000,0x000000bde3200000) (1024K)]
  0x000001c067225820 JavaThread "HikariPool-1 housekeeper"   daemon [_thread_blocked, id=11512, stack(0x000000bde3300000,0x000000bde3400000) (1024K)]
Total: 16

Other Threads:
  0x000001c04c38ed50 VMThread "VM Thread"                           [id=14664, stack(0x000000bde2000000,0x000000bde2100000) (1024K)]
  0x000001c06212af00 WatcherThread "VM Periodic Task Thread"        [id=13112, stack(0x000000bde1f00000,0x000000bde2000000) (1024K)]
  0x000001c04c30cc60 WorkerThread "GC Thread#0"                     [id=4772, stack(0x000000bde1a00000,0x000000bde1b00000) (1024K)]
  0x000001c067020040 WorkerThread "GC Thread#1"                     [id=9124, stack(0x000000bde2b00000,0x000000bde2c00000) (1024K)]
  0x000001c062839f80 WorkerThread "GC Thread#2"                     [id=7284, stack(0x000000bde2c00000,0x000000bde2d00000) (1024K)]
  0x000001c06283a320 WorkerThread "GC Thread#3"                     [id=13892, stack(0x000000bde2d00000,0x000000bde2e00000) (1024K)]
  0x000001c04c3148c0 ConcurrentGCThread "G1 Main Marker"            [id=3440, stack(0x000000bde1b00000,0x000000bde1c00000) (1024K)]
  0x000001c04c315d10 WorkerThread "G1 Conc#0"                       [id=7632, stack(0x000000bde1c00000,0x000000bde1d00000) (1024K)]
  0x000001c04c36acd0 ConcurrentGCThread "G1 Refine#0"               [id=8912, stack(0x000000bde1d00000,0x000000bde1e00000) (1024K)]
  0x000001c04c36b840 ConcurrentGCThread "G1 Service"                [id=6824, stack(0x000000bde1e00000,0x000000bde1f00000) (1024K)]
Total: 10

Threads with active compile tasks:
C2 CompilerThread0  24661 5720       4       org.springframework.core.ResolvableType::hasGenerics (14 bytes)
Total: 1

VM state: not at safepoint (normal execution)

VM Mutex/Monitor currently owned by a thread: None

Heap address: 0x00000000c9c00000, size: 868 MB, Compressed Oops mode: 32-bit

CDS archive(s) mapped at: [0x000001c000000000-0x000001c000c80000-0x000001c000c80000), size 13107200, SharedBaseAddress: 0x000001c000000000, ArchiveRelocationMode: 1.
Compressed class space mapped at: 0x000001c001000000-0x000001c041000000, reserved size: 1073741824
Narrow klass base: 0x000001c000000000, Narrow klass shift: 0, Narrow klass range: 0x100000000

GC Precious Log:
 CardTable entry size: 512
 Card Set container configuration: InlinePtr #cards 5 size 8 Array Of Cards #cards 12 size 40 Howl #buckets 4 coarsen threshold 1843 Howl Bitmap #cards 512 size 80 coarsen threshold 460 Card regions per heap region 1 cards per card region 2048
 CPUs: 4 total, 4 available
 Memory: 3470M
 Large Page Support: Disabled
 NUMA Support: Disabled
 Compressed Oops: Enabled (32-bit)
 Heap Region Size: 1M
 Heap Min Capacity: 8M
 Heap Initial Capacity: 56M
 Heap Max Capacity: 868M
 Pre-touch: Disabled
 Parallel Workers: 4
 Concurrent Workers: 1
 Concurrent Refinement Workers: 4
 Periodic GC: Disabled

Heap:
 garbage-first heap   total 51200K, used 42071K [0x00000000c9c00000, 0x0000000100000000)
  region size 1024K, 17 young (17408K), 3 survivors (3072K)
 Metaspace       used 68168K, committed 68864K, reserved 1114112K
  class space    used 9170K, committed 9472K, reserved 1048576K

Heap Regions: E=young(eden), S=young(survivor), O=old, HS=humongous(starts), HC=humongous(continues), CS=collection set, F=free, TAMS=top-at-mark-start, PB=parsable bottom
|   0|0x00000000c9c00000, 0x00000000c9d00000, 0x00000000c9d00000|100%|HS|  |TAMS 0x00000000c9c00000| PB 0x00000000c9c00000| Complete 
|   1|0x00000000c9d00000, 0x00000000c9e00000, 0x00000000c9e00000|100%| O|  |TAMS 0x00000000c9d00000| PB 0x00000000c9d00000| Untracked 
|   2|0x00000000c9e00000, 0x00000000c9f00000, 0x00000000c9f00000|100%| O|  |TAMS 0x00000000c9e00000| PB 0x00000000c9e00000| Untracked 
|   3|0x00000000c9f00000, 0x00000000ca000000, 0x00000000ca000000|100%| O|  |TAMS 0x00000000c9f00000| PB 0x00000000c9f00000| Untracked 
|   4|0x00000000ca000000, 0x00000000ca100000, 0x00000000ca100000|100%| O|  |TAMS 0x00000000ca000000| PB 0x00000000ca000000| Untracked 
|   5|0x00000000ca100000, 0x00000000ca200000, 0x00000000ca200000|100%| O|  |TAMS 0x00000000ca100000| PB 0x00000000ca100000| Untracked 
|   6|0x00000000ca200000, 0x00000000ca300000, 0x00000000ca300000|100%| O|  |TAMS 0x00000000ca200000| PB 0x00000000ca200000| Untracked 
|   7|0x00000000ca300000, 0x00000000ca400000, 0x00000000ca400000|100%| O|  |TAMS 0x00000000ca300000| PB 0x00000000ca300000| Untracked 
|   8|0x00000000ca400000, 0x00000000ca500000, 0x00000000ca500000|100%| O|  |TAMS 0x00000000ca400000| PB 0x00000000ca400000| Untracked 
|   9|0x00000000ca500000, 0x00000000ca600000, 0x00000000ca600000|100%| O|  |TAMS 0x00000000ca500000| PB 0x00000000ca500000| Untracked 
|  10|0x00000000ca600000, 0x00000000ca700000, 0x00000000ca700000|100%| O|  |TAMS 0x00000000ca600000| PB 0x00000000ca600000| Untracked 
|  11|0x00000000ca700000, 0x00000000ca800000, 0x00000000ca800000|100%| O|  |TAMS 0x00000000ca700000| PB 0x00000000ca700000| Untracked 
|  12|0x00000000ca800000, 0x00000000ca900000, 0x00000000ca900000|100%| O|  |TAMS 0x00000000ca800000| PB 0x00000000ca800000| Untracked 
|  13|0x00000000ca900000, 0x00000000caa00000, 0x00000000caa00000|100%| O|  |TAMS 0x00000000ca900000| PB 0x00000000ca900000| Untracked 
|  14|0x00000000caa00000, 0x00000000cab00000, 0x00000000cab00000|100%| O|  |TAMS 0x00000000caa00000| PB 0x00000000caa00000| Untracked 
|  15|0x00000000cab00000, 0x00000000cac00000, 0x00000000cac00000|100%| O|  |TAMS 0x00000000cab00000| PB 0x00000000cab00000| Untracked 
|  16|0x00000000cac00000, 0x00000000cad00000, 0x00000000cad00000|100%| O|  |TAMS 0x00000000cac00000| PB 0x00000000cac00000| Untracked 
|  17|0x00000000cad00000, 0x00000000cae00000, 0x00000000cae00000|100%| O|  |TAMS 0x00000000cad00000| PB 0x00000000cad00000| Untracked 
|  18|0x00000000cae00000, 0x00000000caf00000, 0x00000000caf00000|100%| O|  |TAMS 0x00000000cae00000| PB 0x00000000cae00000| Untracked 
|  19|0x00000000caf00000, 0x00000000cb000000, 0x00000000cb000000|100%| O|  |TAMS 0x00000000caf00000| PB 0x00000000caf00000| Untracked 
|  20|0x00000000cb000000, 0x00000000cb100000, 0x00000000cb100000|100%| O|  |TAMS 0x00000000cb000000| PB 0x00000000cb000000| Untracked 
|  21|0x00000000cb100000, 0x00000000cb100000, 0x00000000cb200000|  0%| F|  |TAMS 0x00000000cb100000| PB 0x00000000cb100000| Untracked 
|  22|0x00000000cb200000, 0x00000000cb215c40, 0x00000000cb300000|  8%| S|CS|TAMS 0x00000000cb200000| PB 0x00000000cb200000| Complete 
|  23|0x00000000cb300000, 0x00000000cb400000, 0x00000000cb400000|100%| O|  |TAMS 0x00000000cb300000| PB 0x00000000cb300000| Untracked 
|  24|0x00000000cb400000, 0x00000000cb500000, 0x00000000cb500000|100%| O|  |TAMS 0x00000000cb400000| PB 0x00000000cb400000| Untracked 
|  25|0x00000000cb500000, 0x00000000cb600000, 0x00000000cb600000|100%| O|  |TAMS 0x00000000cb500000| PB 0x00000000cb500000| Untracked 
|  26|0x00000000cb600000, 0x00000000cb700000, 0x00000000cb700000|100%| O|  |TAMS 0x00000000cb600000| PB 0x00000000cb600000| Untracked 
|  27|0x00000000cb700000, 0x00000000cb800000, 0x00000000cb800000|100%| O|  |TAMS 0x00000000cb700000| PB 0x00000000cb700000| Untracked 
|  28|0x00000000cb800000, 0x00000000cb900000, 0x00000000cb900000|100%| O|Cm|TAMS 0x00000000cb800000| PB 0x00000000cb800000| Complete 
|  29|0x00000000cb900000, 0x00000000cba00000, 0x00000000cba00000|100%| S|CS|TAMS 0x00000000cb900000| PB 0x00000000cb900000| Complete 
|  30|0x00000000cba00000, 0x00000000cbb00000, 0x00000000cbb00000|100%| S|CS|TAMS 0x00000000cba00000| PB 0x00000000cba00000| Complete 
|  31|0x00000000cbb00000, 0x00000000cbb00000, 0x00000000cbc00000|  0%| F|  |TAMS 0x00000000cbb00000| PB 0x00000000cbb00000| Untracked 
|  32|0x00000000cbc00000, 0x00000000cbc00000, 0x00000000cbd00000|  0%| F|  |TAMS 0x00000000cbc00000| PB 0x00000000cbc00000| Untracked 
|  33|0x00000000cbd00000, 0x00000000cbd00000, 0x00000000cbe00000|  0%| F|  |TAMS 0x00000000cbd00000| PB 0x00000000cbd00000| Untracked 
|  34|0x00000000cbe00000, 0x00000000cbe00000, 0x00000000cbf00000|  0%| F|  |TAMS 0x00000000cbe00000| PB 0x00000000cbe00000| Untracked 
|  35|0x00000000cbf00000, 0x00000000cbf00000, 0x00000000cc000000|  0%| F|  |TAMS 0x00000000cbf00000| PB 0x00000000cbf00000| Untracked 
|  36|0x00000000cc000000, 0x00000000cc0a0bc0, 0x00000000cc100000| 62%| E|  |TAMS 0x00000000cc000000| PB 0x00000000cc000000| Complete 
|  37|0x00000000cc100000, 0x00000000cc200000, 0x00000000cc200000|100%| E|CS|TAMS 0x00000000cc100000| PB 0x00000000cc100000| Complete 
|  38|0x00000000cc200000, 0x00000000cc300000, 0x00000000cc300000|100%| E|CS|TAMS 0x00000000cc200000| PB 0x00000000cc200000| Complete 
|  39|0x00000000cc300000, 0x00000000cc400000, 0x00000000cc400000|100%| E|CS|TAMS 0x00000000cc300000| PB 0x00000000cc300000| Complete 
|  40|0x00000000cc400000, 0x00000000cc500000, 0x00000000cc500000|100%| E|CS|TAMS 0x00000000cc400000| PB 0x00000000cc400000| Complete 
|  41|0x00000000cc500000, 0x00000000cc600000, 0x00000000cc600000|100%| E|CS|TAMS 0x00000000cc500000| PB 0x00000000cc500000| Complete 
|  42|0x00000000cc600000, 0x00000000cc700000, 0x00000000cc700000|100%| E|CS|TAMS 0x00000000cc600000| PB 0x00000000cc600000| Complete 
|  43|0x00000000cc700000, 0x00000000cc800000, 0x00000000cc800000|100%| E|CS|TAMS 0x00000000cc700000| PB 0x00000000cc700000| Complete 
|  44|0x00000000cc800000, 0x00000000cc900000, 0x00000000cc900000|100%| E|CS|TAMS 0x00000000cc800000| PB 0x00000000cc800000| Complete 
|  45|0x00000000cc900000, 0x00000000cca00000, 0x00000000cca00000|100%| E|  |TAMS 0x00000000cc900000| PB 0x00000000cc900000| Complete 
|  46|0x00000000cca00000, 0x00000000ccb00000, 0x00000000ccb00000|100%| E|CS|TAMS 0x00000000cca00000| PB 0x00000000cca00000| Complete 
|  47|0x00000000ccb00000, 0x00000000ccc00000, 0x00000000ccc00000|100%| E|CS|TAMS 0x00000000ccb00000| PB 0x00000000ccb00000| Complete 
|  48|0x00000000ccc00000, 0x00000000ccd00000, 0x00000000ccd00000|100%| E|CS|TAMS 0x00000000ccc00000| PB 0x00000000ccc00000| Complete 
|  55|0x00000000cd300000, 0x00000000cd400000, 0x00000000cd400000|100%| E|CS|TAMS 0x00000000cd300000| PB 0x00000000cd300000| Complete 

Card table byte_map: [0x000001c05ec80000,0x000001c05ee40000] _byte_map_base: 0x000001c05e632000

Marking Bits: (CMBitMap*) 0x000001c04c30d360
 Bits: [0x000001c05ee40000, 0x000001c05fbd0000)

Polling page: 0x000001c04a070000

Metaspace:

Usage:
  Non-class:     57.62 MB used.
      Class:      8.96 MB used.
       Both:     66.57 MB used.

Virtual space:
  Non-class space:       64.00 MB reserved,      58.00 MB ( 91%) committed,  1 nodes.
      Class space:        1.00 GB reserved,       9.25 MB ( <1%) committed,  1 nodes.
             Both:        1.06 GB reserved,      67.25 MB (  6%) committed. 

Chunk freelists:
   Non-Class:  5.72 MB
       Class:  6.69 MB
        Both:  12.41 MB

MaxMetaspaceSize: unlimited
CompressedClassSpaceSize: 1.00 GB
Initial GC threshold: 21.00 MB
Current GC threshold: 109.50 MB
CDS: on
 - commit_granule_bytes: 65536.
 - commit_granule_words: 8192.
 - virtual_space_node_default_size: 8388608.
 - enlarge_chunks_in_place: 1.
 - use_allocation_guard: 0.


Internal statistics:

num_allocs_failed_limit: 6.
num_arena_births: 982.
num_arena_deaths: 0.
num_vsnodes_births: 2.
num_vsnodes_deaths: 0.
num_space_committed: 1076.
num_space_uncommitted: 0.
num_chunks_returned_to_freelist: 6.
num_chunks_taken_from_freelist: 3370.
num_chunk_merges: 6.
num_chunk_splits: 2411.
num_chunks_enlarged: 1870.
num_inconsistent_stats: 0.

CodeHeap 'non-profiled nmethods': size=120000Kb used=3060Kb max_used=3060Kb free=116939Kb
 bounds [0x000001c057750000, 0x000001c057a60000, 0x000001c05ec80000]
CodeHeap 'profiled nmethods': size=120000Kb used=9904Kb max_used=10078Kb free=110095Kb
 bounds [0x000001c04fc80000, 0x000001c050660000, 0x000001c0571b0000]
CodeHeap 'non-nmethods': size=5760Kb used=1680Kb max_used=1727Kb free=4079Kb
 bounds [0x000001c0571b0000, 0x000001c057420000, 0x000001c057750000]
CodeCache: size=245760Kb, used=14644Kb, max_used=14865Kb, free=231113Kb
 total_blobs=5889, nmethods=5178, adapters=614, full_count=0
Compilation: enabled, stopped_count=0, restarted_count=0

Compilation events (20 events):
Event: 24.143 Thread 0x000001c0621b43f0 5967       3       org.springframework.boot.context.properties.source.SpringIterableConfigurationPropertySource$Mappings::getConfigurationPropertyNames (74 bytes)
Event: 24.144 Thread 0x000001c0621b43f0 nmethod 5967 0x000001c050593090 code [0x000001c0505932a0, 0x000001c050593a38]
Event: 24.157 Thread 0x000001c0621b43f0 5968       3       java.util.stream.Collectors$$Lambda/0x80000003e::accept (12 bytes)
Event: 24.157 Thread 0x000001c0621b43f0 nmethod 5968 0x000001c0504ac810 code [0x000001c0504ac9e0, 0x000001c0504acd28]
Event: 24.159 Thread 0x000001c0621b43f0 5969       3       java.util.Spliterators$ArraySpliterator::estimateSize (27 bytes)
Event: 24.160 Thread 0x000001c0621b43f0 nmethod 5969 0x000001c04fde8890 code [0x000001c04fde8a40, 0x000001c04fde8bd0]
Event: 24.160 Thread 0x000001c0621b43f0 5970       2       java.lang.String::repeat (151 bytes)
Event: 24.160 Thread 0x000001c0621b43f0 nmethod 5970 0x000001c04fea2690 code [0x000001c04fea2900, 0x000001c04fea31e0]
Event: 24.161 Thread 0x000001c0621b43f0 5971       3       java.lang.reflect.Executable$$Lambda/0x000001c0015d4148::apply (13 bytes)
Event: 24.161 Thread 0x000001c0621b43f0 nmethod 5971 0x000001c050014990 code [0x000001c050014b40, 0x000001c050014d88]
Event: 24.162 Thread 0x000001c0621b43f0 5972       2       java.lang.ThreadLocal::setInitialValue (64 bytes)
Event: 24.162 Thread 0x000001c0621b43f0 nmethod 5972 0x000001c04fe01c10 code [0x000001c04fe01e20, 0x000001c04fe02168]
Event: 24.176 Thread 0x000001c0621b43f0 5973       1       org.springframework.beans.PropertyDescriptorUtils$BasicPropertyDescriptor::setReadMethod (6 bytes)
Event: 24.176 Thread 0x000001c0621b43f0 nmethod 5973 0x000001c0578ef810 code [0x000001c0578ef9a0, 0x000001c0578efab0]
Event: 24.219 Thread 0x000001c0621b43f0 5974   !   2       org.springframework.core.$Proxy6::getRawType (29 bytes)
Event: 24.219 Thread 0x000001c0621b43f0 nmethod 5974 0x000001c04fdf7a90 code [0x000001c04fdf7c60, 0x000001c04fdf7f10]
Event: 24.219 Thread 0x000001c0621b43f0 5975       2       java.lang.reflect.Method::getParameterAnnotations (13 bytes)
Event: 24.219 Thread 0x000001c0621b43f0 nmethod 5975 0x000001c04fdf7690 code [0x000001c04fdf7840, 0x000001c04fdf7978]
Event: 24.260 Thread 0x000001c0621b43f0 5977       2       sun.invoke.util.VerifyType::isNullConversion (157 bytes)
Event: 24.261 Thread 0x000001c0621b43f0 nmethod 5977 0x000001c04fec4210 code [0x000001c04fec4440, 0x000001c04fec4ac0]

GC Heap History (20 events):
Event: 6.052 GC heap before
{Heap before GC invocations=4 (full 0):
 garbage-first heap   total 57344K, used 32636K [0x00000000c9c00000, 0x0000000100000000)
  region size 1024K, 24 young (24576K), 4 survivors (4096K)
 Metaspace       used 21224K, committed 21504K, reserved 1114112K
  class space    used 2551K, committed 2688K, reserved 1048576K
}
Event: 6.064 GC heap after
{Heap after GC invocations=5 (full 0):
 garbage-first heap   total 57344K, used 14647K [0x00000000c9c00000, 0x0000000100000000)
  region size 1024K, 4 young (4096K), 4 survivors (4096K)
 Metaspace       used 21224K, committed 21504K, reserved 1114112K
  class space    used 2551K, committed 2688K, reserved 1048576K
}
Event: 7.605 GC heap before
{Heap before GC invocations=6 (full 0):
 garbage-first heap   total 51200K, used 40247K [0x00000000c9c00000, 0x0000000100000000)
  region size 1024K, 30 young (30720K), 4 survivors (4096K)
 Metaspace       used 26196K, committed 26624K, reserved 1114112K
  class space    used 3282K, committed 3456K, reserved 1048576K
}
Event: 7.623 GC heap after
{Heap after GC invocations=7 (full 0):
 garbage-first heap   total 51200K, used 17198K [0x00000000c9c00000, 0x0000000100000000)
  region size 1024K, 4 young (4096K), 4 survivors (4096K)
 Metaspace       used 26196K, committed 26624K, reserved 1114112K
  class space    used 3282K, committed 3456K, reserved 1048576K
}
Event: 9.104 GC heap before
{Heap before GC invocations=7 (full 0):
 garbage-first heap   total 51200K, used 39726K [0x00000000c9c00000, 0x0000000100000000)
  region size 1024K, 27 young (27648K), 4 survivors (4096K)
 Metaspace       used 30610K, committed 31104K, reserved 1114112K
  class space    used 3900K, committed 4160K, reserved 1048576K
}
Event: 9.114 GC heap after
{Heap after GC invocations=8 (full 0):
 garbage-first heap   total 51200K, used 19623K [0x00000000c9c00000, 0x0000000100000000)
  region size 1024K, 3 young (3072K), 3 survivors (3072K)
 Metaspace       used 30610K, committed 31104K, reserved 1114112K
  class space    used 3900K, committed 4160K, reserved 1048576K
}
Event: 10.528 GC heap before
{Heap before GC invocations=8 (full 0):
 garbage-first heap   total 51200K, used 34983K [0x00000000c9c00000, 0x0000000100000000)
  region size 1024K, 20 young (20480K), 3 survivors (3072K)
 Metaspace       used 35554K, committed 36096K, reserved 1114112K
  class space    used 4618K, committed 4864K, reserved 1048576K
}
Event: 10.546 GC heap after
{Heap after GC invocations=9 (full 0):
 garbage-first heap   total 51200K, used 20457K [0x00000000c9c00000, 0x0000000100000000)
  region size 1024K, 3 young (3072K), 3 survivors (3072K)
 Metaspace       used 35554K, committed 36096K, reserved 1114112K
  class space    used 4618K, committed 4864K, reserved 1048576K
}
Event: 13.885 GC heap before
{Heap before GC invocations=10 (full 0):
 garbage-first heap   total 51200K, used 42985K [0x00000000c9c00000, 0x0000000100000000)
  region size 1024K, 26 young (26624K), 3 survivors (3072K)
 Metaspace       used 45173K, committed 45824K, reserved 1114112K
  class space    used 5785K, committed 6080K, reserved 1048576K
}
Event: 13.893 GC heap after
{Heap after GC invocations=11 (full 0):
 garbage-first heap   total 51200K, used 23249K [0x00000000c9c00000, 0x0000000100000000)
  region size 1024K, 4 young (4096K), 4 survivors (4096K)
 Metaspace       used 45173K, committed 45824K, reserved 1114112K
  class space    used 5785K, committed 6080K, reserved 1048576K
}
Event: 14.879 GC heap before
{Heap before GC invocations=11 (full 0):
 garbage-first heap   total 51200K, used 41681K [0x00000000c9c00000, 0x0000000100000000)
  region size 1024K, 23 young (23552K), 4 survivors (4096K)
 Metaspace       used 50208K, committed 50752K, reserved 1114112K
  class space    used 6452K, committed 6720K, reserved 1048576K
}
Event: 14.885 GC heap after
{Heap after GC invocations=12 (full 0):
 garbage-first heap   total 51200K, used 24373K [0x00000000c9c00000, 0x0000000100000000)
  region size 1024K, 2 young (2048K), 2 survivors (2048K)
 Metaspace       used 50208K, committed 50752K, reserved 1114112K
  class space    used 6452K, committed 6720K, reserved 1048576K
}
Event: 16.179 GC heap before
{Heap before GC invocations=12 (full 0):
 garbage-first heap   total 51200K, used 42805K [0x00000000c9c00000, 0x0000000100000000)
  region size 1024K, 21 young (21504K), 2 survivors (2048K)
 Metaspace       used 56697K, committed 57280K, reserved 1114112K
  class space    used 7532K, committed 7808K, reserved 1048576K
}
Event: 16.183 GC heap after
{Heap after GC invocations=13 (full 0):
 garbage-first heap   total 51200K, used 24901K [0x00000000c9c00000, 0x0000000100000000)
  region size 1024K, 2 young (2048K), 2 survivors (2048K)
 Metaspace       used 56697K, committed 57280K, reserved 1114112K
  class space    used 7532K, committed 7808K, reserved 1048576K
}
Event: 19.267 GC heap before
{Heap before GC invocations=14 (full 0):
 garbage-first heap   total 51200K, used 44357K [0x00000000c9c00000, 0x0000000100000000)
  region size 1024K, 22 young (22528K), 2 survivors (2048K)
 Metaspace       used 61009K, committed 61568K, reserved 1114112K
  class space    used 8160K, committed 8384K, reserved 1048576K
}
Event: 19.289 GC heap after
{Heap after GC invocations=15 (full 0):
 garbage-first heap   total 51200K, used 26621K [0x00000000c9c00000, 0x0000000100000000)
  region size 1024K, 3 young (3072K), 3 survivors (3072K)
 Metaspace       used 61009K, committed 61568K, reserved 1114112K
  class space    used 8160K, committed 8384K, reserved 1048576K
}
Event: 21.358 GC heap before
{Heap before GC invocations=15 (full 0):
 garbage-first heap   total 51200K, used 44029K [0x00000000c9c00000, 0x0000000100000000)
  region size 1024K, 20 young (20480K), 3 survivors (3072K)
 Metaspace       used 63725K, committed 64320K, reserved 1114112K
  class space    used 8531K, committed 8832K, reserved 1048576K
}
Event: 21.368 GC heap after
{Heap after GC invocations=16 (full 0):
 garbage-first heap   total 51200K, used 27851K [0x00000000c9c00000, 0x0000000100000000)
  region size 1024K, 2 young (2048K), 2 survivors (2048K)
 Metaspace       used 63725K, committed 64320K, reserved 1114112K
  class space    used 8531K, committed 8832K, reserved 1048576K
}
Event: 23.623 GC heap before
{Heap before GC invocations=16 (full 0):
 garbage-first heap   total 51200K, used 45259K [0x00000000c9c00000, 0x0000000100000000)
  region size 1024K, 19 young (19456K), 2 survivors (2048K)
 Metaspace       used 66365K, committed 67008K, reserved 1114112K
  class space    used 8913K, committed 9216K, reserved 1048576K
}
Event: 23.630 GC heap after
{Heap after GC invocations=17 (full 0):
 garbage-first heap   total 51200K, used 29783K [0x00000000c9c00000, 0x0000000100000000)
  region size 1024K, 3 young (3072K), 3 survivors (3072K)
 Metaspace       used 66365K, committed 67008K, reserved 1114112K
  class space    used 8913K, committed 9216K, reserved 1048576K
}

Dll operation events (11 events):
Event: 0.039 Loaded shared library C:\Users\DELL\.p2\pool\plugins\org.eclipse.justj.openjdk.hotspot.jre.full.win32.x86_64_21.0.8.v20250724-1412\jre\bin\java.dll
Event: 0.330 Loaded shared library C:\Users\DELL\.p2\pool\plugins\org.eclipse.justj.openjdk.hotspot.jre.full.win32.x86_64_21.0.8.v20250724-1412\jre\bin\zip.dll
Event: 0.666 Loaded shared library C:\Users\DELL\.p2\pool\plugins\org.eclipse.justj.openjdk.hotspot.jre.full.win32.x86_64_21.0.8.v20250724-1412\jre\bin\net.dll
Event: 0.674 Loaded shared library C:\Users\DELL\.p2\pool\plugins\org.eclipse.justj.openjdk.hotspot.jre.full.win32.x86_64_21.0.8.v20250724-1412\jre\bin\nio.dll
Event: 0.683 Loaded shared library C:\Users\DELL\.p2\pool\plugins\org.eclipse.justj.openjdk.hotspot.jre.full.win32.x86_64_21.0.8.v20250724-1412\jre\bin\zip.dll
Event: 1.127 Loaded shared library C:\Users\DELL\.p2\pool\plugins\org.eclipse.justj.openjdk.hotspot.jre.full.win32.x86_64_21.0.8.v20250724-1412\jre\bin\jimage.dll
Event: 4.857 Loaded shared library C:\Users\DELL\.p2\pool\plugins\org.eclipse.justj.openjdk.hotspot.jre.full.win32.x86_64_21.0.8.v20250724-1412\jre\bin\sunmscapi.dll
Event: 8.260 Loaded shared library C:\Users\DELL\.p2\pool\plugins\org.eclipse.justj.openjdk.hotspot.jre.full.win32.x86_64_21.0.8.v20250724-1412\jre\bin\management.dll
Event: 8.270 Loaded shared library C:\Users\DELL\.p2\pool\plugins\org.eclipse.justj.openjdk.hotspot.jre.full.win32.x86_64_21.0.8.v20250724-1412\jre\bin\management_ext.dll
Event: 10.203 Loaded shared library C:\Users\DELL\.p2\pool\plugins\org.eclipse.justj.openjdk.hotspot.jre.full.win32.x86_64_21.0.8.v20250724-1412\jre\bin\verify.dll
Event: 11.717 Loaded shared library C:\Users\DELL\.p2\pool\plugins\org.eclipse.justj.openjdk.hotspot.jre.full.win32.x86_64_21.0.8.v20250724-1412\jre\bin\extnet.dll

Deoptimization events (20 events):
Event: 23.499 Thread 0x000001c04a0e9c60 DEOPT PACKING pc=0x000001c0579c046c sp=0x000000bde19fe430
Event: 23.499 Thread 0x000001c04a0e9c60 DEOPT UNPACKING pc=0x000001c0572046a2 sp=0x000000bde19fe3b8 mode 2
Event: 23.859 Thread 0x000001c04a0e9c60 Uncommon trap: trap_request=0xffffff45 fr.pc=0x000001c0578e3f1c relative=0x000000000000085c
Event: 23.859 Thread 0x000001c04a0e9c60 Uncommon trap: reason=unstable_if action=reinterpret pc=0x000001c0578e3f1c method=org.springframework.beans.factory.support.DefaultSingletonBeanRegistry.getSingleton(Ljava/lang/String;Z)Ljava/lang/Object; @ 39 c2
Event: 23.859 Thread 0x000001c04a0e9c60 DEOPT PACKING pc=0x000001c0578e3f1c sp=0x000000bde19fe280
Event: 23.859 Thread 0x000001c04a0e9c60 DEOPT UNPACKING pc=0x000001c0572046a2 sp=0x000000bde19fe218 mode 2
Event: 24.113 Thread 0x000001c04a0e9c60 Uncommon trap: trap_request=0xfffffff4 fr.pc=0x000001c05787af20 relative=0x0000000000000260
Event: 24.113 Thread 0x000001c04a0e9c60 Uncommon trap: reason=null_check action=make_not_entrant pc=0x000001c05787af20 method=org.springframework.util.ClassUtils.isAssignable(Ljava/lang/Class;Ljava/lang/Class;)Z @ 14 c2
Event: 24.113 Thread 0x000001c04a0e9c60 DEOPT PACKING pc=0x000001c05787af20 sp=0x000000bde19fe650
Event: 24.113 Thread 0x000001c04a0e9c60 DEOPT UNPACKING pc=0x000001c0572046a2 sp=0x000000bde19fe5e0 mode 2
Event: 24.113 Thread 0x000001c04a0e9c60 Uncommon trap: trap_request=0xfffffff4 fr.pc=0x000001c057a05ef4 relative=0x0000000000000334
Event: 24.113 Thread 0x000001c04a0e9c60 Uncommon trap: reason=null_check action=make_not_entrant pc=0x000001c057a05ef4 method=sun.invoke.util.VerifyType.isNullConversion(Ljava/lang/Class;Ljava/lang/Class;Z)Z @ 67 c2
Event: 24.113 Thread 0x000001c04a0e9c60 DEOPT PACKING pc=0x000001c057a05ef4 sp=0x000000bde19fdfa0
Event: 24.113 Thread 0x000001c04a0e9c60 DEOPT UNPACKING pc=0x000001c0572046a2 sp=0x000000bde19fdf20 mode 2
Event: 24.144 Thread 0x000001c04a0e9c60 DEOPT PACKING pc=0x000001c05041c70c sp=0x000000bde19fca20
Event: 24.144 Thread 0x000001c04a0e9c60 DEOPT UNPACKING pc=0x000001c057204e42 sp=0x000000bde19fbed0 mode 0
Event: 24.261 Thread 0x000001c04a0e9c60 Uncommon trap: trap_request=0xffffff45 fr.pc=0x000001c0578892b8 relative=0x0000000000000258
Event: 24.261 Thread 0x000001c04a0e9c60 Uncommon trap: reason=unstable_if action=reinterpret pc=0x000001c0578892b8 method=org.springframework.beans.factory.support.AbstractAutowireCapableBeanFactory.determineTargetType(Ljava/lang/String;Lorg/springframework/beans/factory/support/RootBeanDefinit
Event: 24.261 Thread 0x000001c04a0e9c60 DEOPT PACKING pc=0x000001c0578892b8 sp=0x000000bde19fdeb0
Event: 24.261 Thread 0x000001c04a0e9c60 DEOPT UNPACKING pc=0x000001c0572046a2 sp=0x000000bde19fde98 mode 2

Classes loaded (20 events):
Event: 22.049 Loading class sun/reflect/annotation/TypeAnnotation
Event: 22.050 Loading class sun/reflect/annotation/TypeAnnotation done
Event: 22.050 Loading class sun/reflect/annotation/AnnotatedTypeFactory
Event: 22.050 Loading class sun/reflect/annotation/AnnotatedTypeFactory done
Event: 22.050 Loading class sun/reflect/annotation/AnnotatedTypeFactory$AnnotatedTypeBaseImpl
Event: 22.051 Loading class sun/reflect/annotation/AnnotatedTypeFactory$AnnotatedTypeBaseImpl done
Event: 22.051 Loading class sun/reflect/annotation/TypeAnnotation$LocationInfo
Event: 22.051 Loading class sun/reflect/annotation/TypeAnnotation$LocationInfo done
Event: 22.051 Loading class sun/reflect/annotation/TypeAnnotation$LocationInfo$Location
Event: 22.051 Loading class sun/reflect/annotation/TypeAnnotation$LocationInfo$Location done
Event: 22.051 Loading class java/lang/reflect/AnnotatedParameterizedType
Event: 22.052 Loading class java/lang/reflect/AnnotatedParameterizedType done
Event: 22.286 Loading class java/util/EnumMap$EntrySet
Event: 22.286 Loading class java/util/EnumMap$EntrySet done
Event: 22.286 Loading class java/util/EnumMap$EntryIterator
Event: 22.286 Loading class java/util/EnumMap$EnumMapIterator
Event: 22.286 Loading class java/util/EnumMap$EnumMapIterator done
Event: 22.286 Loading class java/util/EnumMap$EntryIterator done
Event: 24.211 Loading class sun/reflect/generics/repository/FieldRepository
Event: 24.217 Loading class sun/reflect/generics/repository/FieldRepository done

Classes unloaded (0 events):
No events

Classes redefined (0 events):
No events

Internal exceptions (20 events):
Event: 16.325 Thread 0x000001c04a0e9c60 Exception <a 'java/lang/NoSuchMethodError'{0x00000000ccb950e0}: 'java.lang.Object java.lang.invoke.DirectMethodHandle$Holder.newInvokeSpecial(java.lang.Object, java.lang.Object, java.lang.Object, java.lang.Object, java.lang.Object, java.lang.Object, java.lang.Object, int)'> (0x00000000ccb950e0) 
thrown [s\src\hotspot\share\interpreter\linkResolver.cpp, line 773]
Event: 16.325 Thread 0x000001c04a0e9c60 Exception <a 'java/lang/NoSuchMethodError'{0x00000000ccb99680}: 'java.lang.Object java.lang.invoke.DirectMethodHandle$Holder.invokeSpecial(java.lang.Object, java.lang.Object, java.lang.Object, java.lang.Object, java.lang.Object, java.lang.Object, java.lang.Object, java.lang.Object, int)'> (0x00000000ccb99680) 
thrown [s\src\hotspot\share\interpreter\linkResolver.cpp, line 773]
Event: 16.326 Thread 0x000001c04a0e9c60 Exception <a 'java/lang/NoSuchMethodError'{0x00000000ccb9d6a8}: 'java.lang.Object java.lang.invoke.Invokers$Holder.linkToTargetMethod(java.lang.Object, java.lang.Object, java.lang.Object, java.lang.Object, java.lang.Object, java.lang.Object, int, java.lang.Object)'> (0x00000000ccb9d6a8) 
thrown [s\src\hotspot\share\interpreter\linkResolver.cpp, line 773]
Event: 16.364 Thread 0x000001c04a0e9c60 Exception <a 'java/lang/NoSuchMethodError'{0x00000000cca62458}: 'void java.lang.invoke.DirectMethodHandle$Holder.invokeInterface(java.lang.Object, java.lang.Object)'> (0x00000000cca62458) 
thrown [s\src\hotspot\share\interpreter\linkResolver.cpp, line 773]
Event: 17.128 Thread 0x000001c04a0e9c60 Exception <a 'java/lang/NoSuchMethodError'{0x00000000cc7cbab0}: 'void java.lang.invoke.Invokers$Holder.invokeExact_MT(java.lang.Object, java.lang.Object, java.lang.Object, java.lang.Object)'> (0x00000000cc7cbab0) 
thrown [s\src\hotspot\share\interpreter\linkResolver.cpp, line 773]
Event: 17.529 Thread 0x000001c04a0e9c60 Exception <a 'java/lang/IncompatibleClassChangeError'{0x00000000cc353178}: Found class java.lang.Object, but interface was expected> (0x00000000cc353178) 
thrown [s\src\hotspot\share\interpreter\linkResolver.cpp, line 840]
Event: 17.638 Thread 0x000001c04a0e9c60 Exception <a 'java/lang/IncompatibleClassChangeError'{0x00000000cc3c19a0}: Found class java.lang.Object, but interface was expected> (0x00000000cc3c19a0) 
thrown [s\src\hotspot\share\interpreter\linkResolver.cpp, line 840]
Event: 17.760 Thread 0x000001c04a0e9c60 Exception <a 'java/lang/IncompatibleClassChangeError'{0x00000000cc1501f0}: Found class java.lang.Object, but interface was expected> (0x00000000cc1501f0) 
thrown [s\src\hotspot\share\interpreter\linkResolver.cpp, line 840]
Event: 18.654 Thread 0x000001c04a0e9c60 Exception <a 'java/lang/IncompatibleClassChangeError'{0x00000000cbb166b0}: Found class java.lang.Object, but interface was expected> (0x00000000cbb166b0) 
thrown [s\src\hotspot\share\interpreter\linkResolver.cpp, line 840]
Event: 19.391 Thread 0x000001c04a0e9c60 Exception <a 'java/lang/IncompatibleClassChangeError'{0x00000000ccc07888}: Found class java.lang.Object, but interface was expected> (0x00000000ccc07888) 
thrown [s\src\hotspot\share\interpreter\linkResolver.cpp, line 840]
Event: 19.766 Thread 0x000001c04a0e9c60 Exception <a 'java/lang/NoSuchMethodError'{0x00000000cc7068c8}: 'java.lang.Object java.lang.invoke.DirectMethodHandle$Holder.newInvokeSpecial(java.lang.Object, java.lang.Object, java.lang.Object, java.lang.Object, java.lang.Object, java.lang.Object, java.lang.Object, java.lang.Object)'> (0x00000000cc7068c8) 
thrown [s\src\hotspot\share\interpreter\linkResolver.cpp, line 773]
Event: 20.953 Thread 0x000001c04a0e9c60 Exception <a 'java/lang/NoSuchMethodError'{0x00000000cc0ca090}: 'java.lang.Object java.lang.invoke.DirectMethodHandle$Holder.invokeVirtual(java.lang.Object, java.lang.Object, java.lang.Object, java.lang.Object, java.lang.Object, java.lang.Object, java.lang.Object)'> (0x00000000cc0ca090) 
thrown [s\src\hotspot\share\interpreter\linkResolver.cpp, line 773]
Event: 22.414 Thread 0x000001c04a0e9c60 Exception <a 'java/lang/IncompatibleClassChangeError'{0x00000000cc16bdf8}: Found class java.lang.Object, but interface was expected> (0x00000000cc16bdf8) 
thrown [s\src\hotspot\share\interpreter\linkResolver.cpp, line 840]
Event: 23.635 Thread 0x000001c04a0e9c60 Exception <a 'java/lang/NoSuchMethodError'{0x00000000cd3160e0}: 'void java.lang.invoke.DirectMethodHandle$Holder.invokeVirtual(java.lang.Object, java.lang.Object, long)'> (0x00000000cd3160e0) 
thrown [s\src\hotspot\share\interpreter\linkResolver.cpp, line 773]
Event: 23.851 Thread 0x000001c04a0e9c60 Exception <a 'java/lang/NoSuchMethodError'{0x00000000cca952d8}: 'int java.lang.invoke.DirectMethodHandle$Holder.invokeStaticInit(java.lang.Object, java.lang.Object, java.lang.Object, java.lang.Object)'> (0x00000000cca952d8) 
thrown [s\src\hotspot\share\interpreter\linkResolver.cpp, line 773]
Event: 23.893 Thread 0x000001c04a0e9c60 Exception <a 'java/lang/NoSuchMethodError'{0x00000000cc969c50}: 'java.lang.Object java.lang.invoke.DirectMethodHandle$Holder.invokeVirtual(java.lang.Object, java.lang.Object, java.lang.Object, java.lang.Object, java.lang.Object, java.lang.Object, java.lang.Object, java.lang.Object, java.lang.Object)'> (0x00000000cc969c50) 
thrown [s\src\hotspot\share\interpreter\linkResolver.cpp, line 773]
Event: 23.960 Thread 0x000001c04a0e9c60 Exception <a 'java/lang/NoSuchMethodError'{0x00000000cc8d5770}: 'java.lang.Object java.lang.invoke.DirectMethodHandle$Holder.invokeVirtual(java.lang.Object, java.lang.Object, java.lang.Object, java.lang.Object, java.lang.Object, java.lang.Object, java.lang.Object, java.lang.Object, java.lang.Object, java.lang.Object)'> (0x00000000cc8d5770) 
thrown [s\src\hotspot\share\interpreter\linkResolver.cpp, line 773]
Event: 24.062 Thread 0x000001c04a0e9c60 Exception <a 'java/lang/IncompatibleClassChangeError'{0x00000000cc6b89c8}: Found class java.lang.Object, but interface was expected> (0x00000000cc6b89c8) 
thrown [s\src\hotspot\share\interpreter\linkResolver.cpp, line 840]
Event: 24.113 Thread 0x000001c04a0e9c60 Implicit null exception at 0x000001c05787ace8 to 0x000001c05787af0c
Event: 24.113 Thread 0x000001c04a0e9c60 Implicit null exception at 0x000001c057a05c77 to 0x000001c057a05ee0

ZGC Phase Switch (0 events):
No events

VM Operations (20 events):
Event: 21.293 Executing VM operation: HandshakeAllThreads (Deoptimize)
Event: 21.293 Executing VM operation: HandshakeAllThreads (Deoptimize) done
Event: 21.358 Executing VM operation: G1CollectForAllocation (G1 Evacuation Pause)
Event: 21.368 Executing VM operation: G1CollectForAllocation (G1 Evacuation Pause) done
Event: 21.928 Executing VM operation: HandshakeAllThreads (Deoptimize)
Event: 21.928 Executing VM operation: HandshakeAllThreads (Deoptimize) done
Event: 22.037 Executing VM operation: HandshakeAllThreads (Deoptimize)
Event: 22.037 Executing VM operation: HandshakeAllThreads (Deoptimize) done
Event: 22.039 Executing VM operation: HandshakeAllThreads (Deoptimize)
Event: 22.039 Executing VM operation: HandshakeAllThreads (Deoptimize) done
Event: 23.043 Executing VM operation: Cleanup
Event: 23.092 Executing VM operation: Cleanup done
Event: 23.623 Executing VM operation: G1CollectForAllocation (G1 Evacuation Pause)
Event: 23.630 Executing VM operation: G1CollectForAllocation (G1 Evacuation Pause) done
Event: 23.734 Executing VM operation: G1PauseRemark
Event: 23.746 Executing VM operation: G1PauseRemark done
Event: 23.751 Executing VM operation: HandshakeAllThreads (Deoptimize)
Event: 23.751 Executing VM operation: HandshakeAllThreads (Deoptimize) done
Event: 23.771 Executing VM operation: G1PauseCleanup
Event: 23.771 Executing VM operation: G1PauseCleanup done

Memory protections (0 events):
No events

Nmethod flushes (20 events):
Event: 23.743 Thread 0x000001c04c38ed50 flushing  nmethod 0x000001c04fd85710
Event: 23.743 Thread 0x000001c04c38ed50 flushing  nmethod 0x000001c04fd8f110
Event: 23.743 Thread 0x000001c04c38ed50 flushing  nmethod 0x000001c04fd91c10
Event: 23.743 Thread 0x000001c04c38ed50 flushing  nmethod 0x000001c04fdb7e10
Event: 23.743 Thread 0x000001c04c38ed50 flushing  nmethod 0x000001c04fdb8310
Event: 23.743 Thread 0x000001c04c38ed50 flushing  nmethod 0x000001c04fdb8c90
Event: 23.743 Thread 0x000001c04c38ed50 flushing  nmethod 0x000001c04fdcaf10
Event: 23.743 Thread 0x000001c04c38ed50 flushing  nmethod 0x000001c04fdd1590
Event: 23.743 Thread 0x000001c04c38ed50 flushing  nmethod 0x000001c04fdd3590
Event: 23.743 Thread 0x000001c04c38ed50 flushing  nmethod 0x000001c04fdd5790
Event: 23.743 Thread 0x000001c04c38ed50 flushing  nmethod 0x000001c04fdebb10
Event: 23.744 Thread 0x000001c04c38ed50 flushing  nmethod 0x000001c04fdee490
Event: 23.744 Thread 0x000001c04c38ed50 flushing  nmethod 0x000001c04fdf4910
Event: 23.744 Thread 0x000001c04c38ed50 flushing  nmethod 0x000001c04fdf4d90
Event: 23.744 Thread 0x000001c04c38ed50 flushing  nmethod 0x000001c04fdf7690
Event: 23.744 Thread 0x000001c04c38ed50 flushing  nmethod 0x000001c0503cbe10
Event: 23.744 Thread 0x000001c04c38ed50 flushing  nmethod 0x000001c050446c90
Event: 23.744 Thread 0x000001c04c38ed50 flushing  nmethod 0x000001c050478590
Event: 23.744 Thread 0x000001c04c38ed50 flushing  nmethod 0x000001c050593090
Event: 23.744 Thread 0x000001c04c38ed50 flushing  nmethod 0x000001c050596190

Events (20 events):
Event: 0.334 Thread 0x000001c04a0e9c60 Thread added: 0x000001c06213a8d0
Event: 0.335 Thread 0x000001c04a0e9c60 Thread added: 0x000001c06213fe70
Event: 0.335 Thread 0x000001c04a0e9c60 Thread added: 0x000001c0621408c0
Event: 0.335 Thread 0x000001c04a0e9c60 Thread added: 0x000001c062141310
Event: 0.335 Thread 0x000001c04a0e9c60 Thread added: 0x000001c062141d60
Event: 0.337 Thread 0x000001c04a0e9c60 Thread added: 0x000001c062143af0
Event: 0.376 Thread 0x000001c04a0e9c60 Thread added: 0x000001c0621b43f0
Event: 0.618 Thread 0x000001c04a0e9c60 Thread added: 0x000001c06229acb0
Event: 0.649 Thread 0x000001c04a0e9c60 Thread added: 0x000001c0622a6ca0
Event: 3.286 Thread 0x000001c04a0e9c60 Thread added: 0x000001c067243170
Event: 4.556 Thread 0x000001c04a0e9c60 Thread added: 0x000001c06757e850
Event: 4.690 Thread 0x000001c06757e850 Thread exited: 0x000001c06757e850
Event: 4.890 Thread 0x000001c067243170 Thread exited: 0x000001c067243170
Event: 8.797 Thread 0x000001c04a0e9c60 Thread added: 0x000001c062ac9fd0
Event: 8.798 Thread 0x000001c062ac9fd0 Thread added: 0x000001c068483040
Event: 8.806 Thread 0x000001c04a0e9c60 Thread added: 0x000001c0684836a0
Event: 8.851 Thread 0x000001c04a0e9c60 Thread added: 0x000001c062caecf0
Event: 13.251 Thread 0x000001c04a0e9c60 Thread added: 0x000001c067225820
Event: 13.402 Thread 0x000001c067225820 Thread added: 0x000001c06862e110
Event: 19.170 Thread 0x000001c06862e110 Thread exited: 0x000001c06862e110


Dynamic libraries:
0x00007ff6e4f80000 - 0x00007ff6e4f8e000 	C:\Users\DELL\.p2\pool\plugins\org.eclipse.justj.openjdk.hotspot.jre.full.win32.x86_64_21.0.8.v20250724-1412\jre\bin\javaw.exe
0x00007ffc0b2b0000 - 0x00007ffc0b4a8000 	C:\WINDOWS\SYSTEM32\ntdll.dll
0x00007ffc097b0000 - 0x00007ffc09872000 	C:\WINDOWS\System32\KERNEL32.DLL
0x00007ffc08c60000 - 0x00007ffc08f56000 	C:\WINDOWS\System32\KERNELBASE.dll
0x00007ffc08f60000 - 0x00007ffc09060000 	C:\WINDOWS\System32\ucrtbase.dll
0x00007ffbfae70000 - 0x00007ffbfae88000 	C:\Users\DELL\.p2\pool\plugins\org.eclipse.justj.openjdk.hotspot.jre.full.win32.x86_64_21.0.8.v20250724-1412\jre\bin\jli.dll
0x00007ffc094c0000 - 0x00007ffc09661000 	C:\WINDOWS\System32\USER32.dll
0x00007ffc090f0000 - 0x00007ffc09112000 	C:\WINDOWS\System32\win32u.dll
0x00007ffc09880000 - 0x00007ffc098ab000 	C:\WINDOWS\System32\GDI32.dll
0x00007ffc08b40000 - 0x00007ffc08c59000 	C:\WINDOWS\System32\gdi32full.dll
0x00007ffc08aa0000 - 0x00007ffc08b3d000 	C:\WINDOWS\System32\msvcp_win.dll
0x00007ffbfaaa0000 - 0x00007ffbfaabe000 	C:\Users\DELL\.p2\pool\plugins\org.eclipse.justj.openjdk.hotspot.jre.full.win32.x86_64_21.0.8.v20250724-1412\jre\bin\VCRUNTIME140.dll
0x00007ffbfb510000 - 0x00007ffbfb7ab000 	C:\WINDOWS\WinSxS\amd64_microsoft.windows.common-controls_6595b64144ccf1df_6.0.19041.6456_none_60b8a6cb71f64256\COMCTL32.dll
0x00007ffc09710000 - 0x00007ffc097ae000 	C:\WINDOWS\System32\msvcrt.dll
0x00007ffc0a700000 - 0x00007ffc0a72f000 	C:\WINDOWS\System32\IMM32.DLL
0x00007ffc04da0000 - 0x00007ffc04dac000 	C:\Users\DELL\.p2\pool\plugins\org.eclipse.justj.openjdk.hotspot.jre.full.win32.x86_64_21.0.8.v20250724-1412\jre\bin\vcruntime140_1.dll
0x00007ffbeb950000 - 0x00007ffbeb9dd000 	C:\Users\DELL\.p2\pool\plugins\org.eclipse.justj.openjdk.hotspot.jre.full.win32.x86_64_21.0.8.v20250724-1412\jre\bin\msvcp140.dll
0x00007ffbda6c0000 - 0x00007ffbdb457000 	C:\Users\DELL\.p2\pool\plugins\org.eclipse.justj.openjdk.hotspot.jre.full.win32.x86_64_21.0.8.v20250724-1412\jre\bin\server\jvm.dll
0x00007ffc0a790000 - 0x00007ffc0a841000 	C:\WINDOWS\System32\ADVAPI32.dll
0x00007ffc0a930000 - 0x00007ffc0a9cf000 	C:\WINDOWS\System32\sechost.dll
0x00007ffc0a140000 - 0x00007ffc0a260000 	C:\WINDOWS\System32\RPCRT4.dll
0x00007ffc08940000 - 0x00007ffc08967000 	C:\WINDOWS\System32\bcrypt.dll
0x00007ffc0b0e0000 - 0x00007ffc0b14b000 	C:\WINDOWS\System32\WS2_32.dll
0x00007ffc087a0000 - 0x00007ffc087eb000 	C:\WINDOWS\SYSTEM32\POWRPROF.dll
0x00007ffbf8f20000 - 0x00007ffbf8f47000 	C:\WINDOWS\SYSTEM32\WINMM.dll
0x00007ffbfed10000 - 0x00007ffbfed1a000 	C:\WINDOWS\SYSTEM32\VERSION.dll
0x00007ffc08780000 - 0x00007ffc08792000 	C:\WINDOWS\SYSTEM32\UMPDC.dll
0x00007ffc067b0000 - 0x00007ffc067c2000 	C:\WINDOWS\SYSTEM32\kernel.appcore.dll
0x00007ffc056b0000 - 0x00007ffc056ba000 	C:\Users\DELL\.p2\pool\plugins\org.eclipse.justj.openjdk.hotspot.jre.full.win32.x86_64_21.0.8.v20250724-1412\jre\bin\jimage.dll
0x00007ffc006a0000 - 0x00007ffc008a1000 	C:\WINDOWS\SYSTEM32\DBGHELP.DLL
0x00007ffbf4130000 - 0x00007ffbf4164000 	C:\WINDOWS\SYSTEM32\dbgcore.DLL
0x00007ffc09060000 - 0x00007ffc090e2000 	C:\WINDOWS\System32\bcryptPrimitives.dll
0x00007ffc03270000 - 0x00007ffc0328f000 	C:\Users\DELL\.p2\pool\plugins\org.eclipse.justj.openjdk.hotspot.jre.full.win32.x86_64_21.0.8.v20250724-1412\jre\bin\java.dll
0x00007ffc099d0000 - 0x00007ffc0a140000 	C:\WINDOWS\System32\SHELL32.dll
0x00007ffc069b0000 - 0x00007ffc07155000 	C:\WINDOWS\SYSTEM32\windows.storage.dll
0x00007ffc0a270000 - 0x00007ffc0a5c4000 	C:\WINDOWS\System32\combase.dll
0x00007ffc08290000 - 0x00007ffc082bb000 	C:\WINDOWS\SYSTEM32\Wldp.dll
0x00007ffc0b010000 - 0x00007ffc0b0dd000 	C:\WINDOWS\System32\OLEAUT32.dll
0x00007ffc092d0000 - 0x00007ffc0937d000 	C:\WINDOWS\System32\SHCORE.dll
0x00007ffc09460000 - 0x00007ffc094bb000 	C:\WINDOWS\System32\shlwapi.dll
0x00007ffc08870000 - 0x00007ffc08894000 	C:\WINDOWS\SYSTEM32\profapi.dll
0x00007ffc00db0000 - 0x00007ffc00dc8000 	C:\Users\DELL\.p2\pool\plugins\org.eclipse.justj.openjdk.hotspot.jre.full.win32.x86_64_21.0.8.v20250724-1412\jre\bin\zip.dll
0x00007ffc05660000 - 0x00007ffc05670000 	C:\Users\DELL\.p2\pool\plugins\org.eclipse.justj.openjdk.hotspot.jre.full.win32.x86_64_21.0.8.v20250724-1412\jre\bin\net.dll
0x00007ffbff2e0000 - 0x00007ffbff3ea000 	C:\WINDOWS\SYSTEM32\WINHTTP.dll
0x00007ffc07ff0000 - 0x00007ffc0805a000 	C:\WINDOWS\system32\mswsock.dll
0x00007ffbfe5a0000 - 0x00007ffbfe5b6000 	C:\Users\DELL\.p2\pool\plugins\org.eclipse.justj.openjdk.hotspot.jre.full.win32.x86_64_21.0.8.v20250724-1412\jre\bin\nio.dll
0x00007ffbfdc50000 - 0x00007ffbfdc5e000 	C:\Users\DELL\.p2\pool\plugins\org.eclipse.justj.openjdk.hotspot.jre.full.win32.x86_64_21.0.8.v20250724-1412\jre\bin\sunmscapi.dll
0x00007ffc09170000 - 0x00007ffc092cd000 	C:\WINDOWS\System32\CRYPT32.dll
0x00007ffc08300000 - 0x00007ffc08327000 	C:\WINDOWS\SYSTEM32\ncrypt.dll
0x00007ffc082c0000 - 0x00007ffc082fb000 	C:\WINDOWS\SYSTEM32\NTASN1.dll
0x00007ffc081f0000 - 0x00007ffc08208000 	C:\WINDOWS\SYSTEM32\CRYPTSP.dll
0x00007ffc07910000 - 0x00007ffc07948000 	C:\WINDOWS\system32\rsaenh.dll
0x00007ffc087f0000 - 0x00007ffc0881e000 	C:\WINDOWS\SYSTEM32\USERENV.dll
0x00007ffc081e0000 - 0x00007ffc081ec000 	C:\WINDOWS\SYSTEM32\CRYPTBASE.dll
0x00007ffc07cd0000 - 0x00007ffc07d0b000 	C:\WINDOWS\SYSTEM32\IPHLPAPI.DLL
0x00007ffc099c0000 - 0x00007ffc099c8000 	C:\WINDOWS\System32\NSI.dll
0x00007ffbfb340000 - 0x00007ffbfb34a000 	C:\Users\DELL\.p2\pool\plugins\org.eclipse.justj.openjdk.hotspot.jre.full.win32.x86_64_21.0.8.v20250724-1412\jre\bin\management.dll
0x00007ffbfb330000 - 0x00007ffbfb33b000 	C:\Users\DELL\.p2\pool\plugins\org.eclipse.justj.openjdk.hotspot.jre.full.win32.x86_64_21.0.8.v20250724-1412\jre\bin\management_ext.dll
0x00007ffc09700000 - 0x00007ffc09708000 	C:\WINDOWS\System32\PSAPI.DLL
0x00007ffbfecd0000 - 0x00007ffbfece0000 	C:\Users\DELL\.p2\pool\plugins\org.eclipse.justj.openjdk.hotspot.jre.full.win32.x86_64_21.0.8.v20250724-1412\jre\bin\verify.dll
0x00007ffc07d10000 - 0x00007ffc07dda000 	C:\WINDOWS\SYSTEM32\DNSAPI.dll
0x00007ffbff5b0000 - 0x00007ffbff5ba000 	C:\Windows\System32\rasadhlp.dll
0x00007ffbfdf00000 - 0x00007ffbfdf80000 	C:\WINDOWS\System32\fwpuclnt.dll
0x00007ffbfb320000 - 0x00007ffbfb329000 	C:\Users\DELL\.p2\pool\plugins\org.eclipse.justj.openjdk.hotspot.jre.full.win32.x86_64_21.0.8.v20250724-1412\jre\bin\extnet.dll

JVMTI agents: none

dbghelp: loaded successfully - version: 4.0.5 - missing functions: none
symbol engine: initialized successfully - sym options: 0x614 - pdb path: .;C:\Users\DELL\.p2\pool\plugins\org.eclipse.justj.openjdk.hotspot.jre.full.win32.x86_64_21.0.8.v20250724-1412\jre\bin;C:\WINDOWS\SYSTEM32;C:\WINDOWS\WinSxS\amd64_microsoft.windows.common-controls_6595b64144ccf1df_6.0.19041.6456_none_60b8a6cb71f64256;C:\Users\DELL\.p2\pool\plugins\org.eclipse.justj.openjdk.hotspot.jre.full.win32.x86_64_21.0.8.v20250724-1412\jre\bin\server

VM Arguments:
jvm_args: -Dfile.encoding=UTF-8 -Dstdout.encoding=UTF-8 -Dstderr.encoding=UTF-8 -XX:+ShowCodeDetailsInExceptionMessages 
java_command: com.employee.employee_api.EmployeeApiApplication
java_class_path (initial): C:\Users\DELL\Downloads\employee-api\employee-api\target\classes;C:\Users\DELL\.m2\repository\org\springframework\boot\spring-boot-starter-web\3.2.5\spring-boot-starter-web-3.2.5.jar;C:\Users\DELL\.m2\repository\org\springframework\boot\spring-boot-starter\3.2.5\spring-boot-starter-3.2.5.jar;C:\Users\DELL\.m2\repository\org\springframework\boot\spring-boot\3.2.5\spring-boot-3.2.5.jar;C:\Users\DELL\.m2\repository\org\springframework\boot\spring-boot-autoconfigure\3.2.5\spring-boot-autoconfigure-3.2.5.jar;C:\Users\DELL\.m2\repository\org\springframework\boot\spring-boot-starter-logging\3.2.5\spring-boot-starter-logging-3.2.5.jar;C:\Users\DELL\.m2\repository\ch\qos\logback\logback-classic\1.4.14\logback-classic-1.4.14.jar;C:\Users\DELL\.m2\repository\ch\qos\logback\logback-core\1.4.14\logback-core-1.4.14.jar;C:\Users\DELL\.m2\repository\org\apache\logging\log4j\log4j-to-slf4j\2.21.1\log4j-to-slf4j-2.21.1.jar;C:\Users\DELL\.m2\repository\org\apache\logging\log4j\log4j-api\2.21.1\log4j-api-2.21.1.jar;C:\Users\DELL\.m2\repository\org\slf4j\jul-to-slf4j\2.0.13\jul-to-slf4j-2.0.13.jar;C:\Users\DELL\.m2\repository\jakarta\annotation\jakarta.annotation-api\2.1.1\jakarta.annotation-api-2.1.1.jar;C:\Users\DELL\.m2\repository\org\yaml\snakeyaml\2.2\snakeyaml-2.2.jar;C:\Users\DELL\.m2\repository\org\springframework\boot\spring-boot-starter-json\3.2.5\spring-boot-starter-json-3.2.5.jar;C:\Users\DELL\.m2\repository\com\fasterxml\jackson\datatype\jackson-datatype-jdk8\2.15.4\jackson-datatype-jdk8-2.15.4.jar;C:\Users\DELL\.m2\repository\com\fasterxml\jackson\datatype\jackson-datatype-jsr310\2.15.4\jackson-datatype-jsr310-2.15.4.jar;C:\Users\DELL\.m2\repository\com\fasterxml\jackson\module\jackson-module-parameter-names\2.15.4\jackson-module-parameter-names-2.15.4.jar;C:\Users\DELL\.m2\repository\org\springframework\boot\spring-boot-starter-tomcat\3.2.5\spring-boot-starter-tomcat-3.2.5.jar;C:\Users\DELL\.m2\repository\org\apache\tomcat\embed\tomcat-embed-core\10.1.20\tomcat-embed-core-10.1.20.jar;C:\Users\DELL\.m2\repository\org\apache\tomcat\embed\tomcat-embed-el\10.1.20\tomcat-embed-el-10.1.20.jar;C:\Users\DELL\.m2\repository\org\apache\tomcat\embed\tomcat-embed-websocket\10.1.20\tomcat-embed-websocket-10.1.20.jar;C:\Users\DELL\.m2\repository\org\springframework\spring-web\6.1.6\spring-web-6.1.6.jar;C:\Users\DELL\.m2\repository\org\springframework\spring-beans\6.1.6\spring-beans-6.1.6.jar;C:\Users\DELL\.m2\repository\io\micrometer\micrometer-observation\1.12.5\micrometer-observation-1.12.5.jar;C:\Users\DELL\.m2\repository\io\micrometer\micrometer-commons\1.12.5\micrometer-commons-1.12.5.jar;C:\Users\DELL\.m2\repository\org\springframework\spring-webmvc\6.1.6\spring-webmvc-6.1.6.jar;C:\Users\DELL\.m2\repository\org\springframework\spring-context\6.1.6\spring-context-6.1.6.jar;C:\Users\DELL\.m2\repository\org\springframework\spring-expression\6.1.6\spring-expression-6.1.6.jar;C:\Users\DELL\.m2\repository\org\springframework\boot\spring-boot-starter-data-jpa\3.2.5\spring-boot-starter-data-jpa-3.2.5.jar;C:\Users\DELL\.m2\repository\org\springframework\boot\spring-boot-starter-aop\3.2.5\spring-boot-starter-aop-3.2.5.jar;C:\Users\DELL\.m2\repository\org\aspectj\aspectjweaver\1.9.22\aspectjweaver-1.9.22.jar;C:\Users\DELL\.m2\repository\org\springframework\boot\spring-boot-starter-jdbc\3.2.5\spring-boot-starter-jdbc-3.2.5.jar;C:\Users\DELL\.m2\repository\com\zaxxer\HikariCP\5.0.1\HikariCP-5.0.1.jar;C:\Users\DELL\.m2\repository\org\springframework\spring-jdbc\6.1.6\spring-jdbc-6.1.6.jar;C:\Users\DELL\.m2\repository\org\hibernate\orm\hibernate-core\6.4.4.Final\hibernate-core-6.4.4.Final.jar;C:\Users\DELL\.m2\repository\jakarta\persistence\jakarta.persistence-api\3.1.0\jakarta.persistence-api-3.1.0.jar;C:\Users\DELL\.m2\repository\jakarta\transaction\jakarta.transaction-api\2.0.1\jakarta.transaction-api-2.0.1.jar;C:\Users\DELL\.m2\repository\org\jboss\logging\jboss-logging\3.5.3.Final\jboss-logging-3.5.3.Final.jar;C:\Users\DELL\.m2\repository\org\hibernate\common\hibernate-commons-annotations\6.0.6.Final\hibernate-commons-annotations-6.0.6.Final.jar;C:\Users\DELL\.m2\repository\io\smallrye\jandex\3.1.2\jandex-3.1.2.jar;C:\Users\DELL\.m2\repository\com\fasterxml\classmate\1.6.0\classmate-1.6.0.jar;C:\Users\DELL\.m2\repository\net\bytebuddy\byte-buddy\1.14.13\byte-buddy-1.14.13.jar;C:\Users\DELL\.m2\repository\org\glassfish\jaxb\jaxb-runtime\4.0.5\jaxb-runtime-4.0.5.jar;C:\Users\DELL\.m2\repository\org\glassfish\jaxb\jaxb-core\4.0.5\jaxb-core-4.0.5.jar;C:\Users\DELL\.m2\repository\org\eclipse\angus\angus-activation\2.0.2\angus-activation-2.0.2.jar;C:\Users\DELL\.m2\repository\org\glassfish\jaxb\txw2\4.0.5\txw2-4.0.5.jar;C:\Users\DELL\.m2\repository\com\sun\istack\istack-commons-runtime\4.1.2\istack-commons-runtime-4.1.2.jar;C:\Users\DELL\.m2\repository\jakarta\inject\jakarta.inject-api\2.0.1\jakarta.inject-api-2.0.1.jar;C:\Users\DELL\.m2\repository\org\antlr\antlr4-runtime\4.13.0\antlr4-runtime-4.13.0.jar;C:\Users\DELL\.m2\repository\org\springframework\data\spring-data-jpa\3.2.5\spring-data-jpa-3.2.5.jar;C:\Users\DELL\.m2\repository\org\springframework\data\spring-data-commons\3.2.5\spring-data-commons-3.2.5.jar;C:\Users\DELL\.m2\repository\org\springframework\spring-orm\6.1.6\spring-orm-6.1.6.jar;C:\Users\DELL\.m2\repository\org\springframework\spring-tx\6.1.6\spring-tx-6.1.6.jar;C:\Users\DELL\.m2\repository\org\slf4j\slf4j-api\2.0.13\slf4j-api-2.0.13.jar;C:\Users\DELL\.m2\repository\org\springframework\spring-aspects\6.1.6\spring-aspects-6.1.6.jar;C:\Users\DELL\.m2\repository\com\mysql\mysql-connector-j\8.3.0\mysql-connector-j-8.3.0.jar;C:\Users\DELL\.m2\repository\org\projectlombok\lombok\1.18.32\lombok-1.18.32.jar;C:\Users\DELL\.m2\repository\jakarta\xml\bind\jakarta.xml.bind-api\4.0.2\jakarta.xml.bind-api-4.0.2.jar;C:\Users\DELL\.m2\repository\jakarta\activation\jakarta.activation-api\2.1.3\jakarta.activation-api-2.1.3.jar;C:\Users\DELL\.m2\repository\org\springframework\spring-core\6.1.6\spring-core-6.1.6.jar;C:\Users\DELL\.m2\repository\org\springframework\spring-jcl\6.1.6\spring-jcl-6.1.6.jar;C:\Users\DELL\.m2\repository\org\springdoc\springdoc-openapi-starter-webmvc-ui\2.5.0\springdoc-openapi-starter-webmvc-ui-2.5.0.jar;C:\Users\DELL\.m2\repository\org\springdoc\springdoc-openapi-starter-webmvc-api\2.5.0\springdoc-openapi-starter-webmvc-api-2.5.0.jar;C:\Users\DELL\.m2\repository\org\springdoc\springdoc-openapi-starter-common\2.5.0\springdoc-openapi-starter-common-2.5.0.jar;C:\Users\DELL\.m2\repository\io\swagger\core\v3\swagger-core-jakarta\2.2.21\swagger-core-jakarta-2.2.21.jar;C:\Users\DELL\.m2\repository\org\apache\commons\commons-lang3\3.13.0\commons-lang3-3.13.0.jar;C:\Users\DELL\.m2\repository\io\swagger\core\v3\swagger-annotations-jakarta\2.2.21\swagger-annotations-jakarta-2.2.21.jar;C:\Users\DELL\.m2\repository\io\swagger\core\v3\swagger-models-jakarta\2.2.21\swagger-models-jakarta-2.2.21.jar;C:\Users\DELL\.m2\repository\jakarta\validation\jakarta.validation-api\3.0.2\jakarta.validation-api-3.0.2.jar;C:\Users\DELL\.m2\repository\com\fasterxml\jackson\dataformat\jackson-dataformat-yaml\2.15.4\jackson-dataformat-yaml-2.15.4.jar;C:\Users\DELL\.m2\repository\org\webjars\swagger-ui\5.13.0\swagger-ui-5.13.0.jar;C:\Users\DELL\.m2\repository\org\springframework\boot\spring-boot-starter-security\3.2.5\spring-boot-starter-security-3.2.5.jar;C:\Users\DELL\.m2\repository\org\springframework\spring-aop\6.1.6\spring-aop-6.1.6.jar;C:\Users\DELL\.m2\repository\org\springframework\security\spring-security-config\6.2.4\spring-security-config-6.2.4.jar;C:\Users\DELL\.m2\repository\org\springframework\security\spring-security-core\6.2.4\spring-security-core-6.2.4.jar;C:\Users\DELL\.m2\repository\org\springframework\security\spring-security-crypto\6.2.4\spring-security-crypto-6.2.4.jar;C:\Users\DELL\.m2\repository\org\springframework\security\spring-security-web\6.2.4\spring-security-web-6.2.4.jar;C:\Users\DELL\.m2\repository\io\jsonwebtoken\jjwt-api\0.11.5\jjwt-api-0.11.5.jar;C:\Users\DELL\.m2\repository\io\jsonwebtoken\jjwt-impl\0.11.5\jjwt-impl-0.11.5.jar;C:\Users\DELL\.m2\repository\io\jsonwebtoken\jjwt-jackson\0.11.5\jjwt-jackson-0.11.5.jar;C:\Users\DELL\.m2\repository\com\fasterxml\jackson\core\jackson-databind\2.15.4\jackson-databind-2.15.4.jar;C:\Users\DELL\.m2\repository\com\fasterxml\jackson\core\jackson-annotations\2.15.4\jackson-annotations-2.15.4.jar;C:\Users\DELL\.m2\repository\com\fasterxml\jackson\core\jackson-core\2.15.4\jackson-core-2.15.4.jar
Launcher Type: SUN_STANDARD

[Global flags]
     intx CICompilerCount                          = 3                                         {product} {ergonomic}
     uint ConcGCThreads                            = 1                                         {product} {ergonomic}
     uint G1ConcRefinementThreads                  = 4                                         {product} {ergonomic}
   size_t G1HeapRegionSize                         = 1048576                                   {product} {ergonomic}
    uintx GCDrainStackTargetSize                   = 64                                        {product} {ergonomic}
   size_t InitialHeapSize                          = 58720256                                  {product} {ergonomic}
   size_t MarkStackSize                            = 4194304                                   {product} {ergonomic}
   size_t MaxHeapSize                              = 910163968                                 {product} {ergonomic}
   size_t MaxNewSize                               = 545259520                                 {product} {ergonomic}
   size_t MinHeapDeltaBytes                        = 1048576                                   {product} {ergonomic}
   size_t MinHeapSize                              = 8388608                                   {product} {ergonomic}
    uintx NonNMethodCodeHeapSize                   = 5832780                                {pd product} {ergonomic}
    uintx NonProfiledCodeHeapSize                  = 122912730                              {pd product} {ergonomic}
    uintx ProfiledCodeHeapSize                     = 122912730                              {pd product} {ergonomic}
    uintx ReservedCodeCacheSize                    = 251658240                              {pd product} {ergonomic}
     bool SegmentedCodeCache                       = true                                      {product} {ergonomic}
     bool ShowCodeDetailsInExceptionMessages       = true                                   {manageable} {command line}
   size_t SoftMaxHeapSize                          = 910163968                              {manageable} {ergonomic}
     bool UseCompressedOops                        = true                           {product lp64_product} {ergonomic}
     bool UseG1GC                                  = true                                      {product} {ergonomic}
     bool UseLargePagesIndividualAllocation        = false                                  {pd product} {ergonomic}

Logging:
Log output configuration:
 #0: stdout all=warning uptime,level,tags foldmultilines=false
 #1: stderr all=off uptime,level,tags foldmultilines=false

Environment Variables:
JAVA_HOME=C:\Program Files\Java\jdk-20
PATH=C:/Users/DELL/.p2/pool/plugins/org.eclipse.justj.openjdk.hotspot.jre.full.win32.x86_64_21.0.8.v20250724-1412/jre/bin/server;C:/Users/DELL/.p2/pool/plugins/org.eclipse.justj.openjdk.hotspot.jre.full.win32.x86_64_21.0.8.v20250724-1412/jre/bin;C:\oraclexe\app\oracle\product\10.2.0\server\bin;C:\Program Files\Java\jdk-20\bin;C:\ProgramData\Microsoft\Windows\Start Menu\Programs\Node.js;C:\Program Files\Git\cmd;C:\Windows\System32;C:\Program Files (x86)\Microsoft SQL Server\160\Tools\Binn\;C:\Program Files\Microsoft SQL Server\160\Tools\Binn\;C:\Program Files\Microsoft SQL Server\Client SDK\ODBC\170\Tools\Binn\;C:\Program Files\Microsoft SQL Server\160\DTS\Binn\;C:\Program Files\Microsoft SQL Server\150\Tools\Binn\;C:\Program Files\dotnet\;C:\Program Files (x86)\Microsoft SQL Server\160\DTS\Binn\;C:\Users\DELL\AppData\Local\nvm;C:\nvm4w\nodejs;C:\Program Files\nodejs\;C:\Users\DELL\AppData\Local\Microsoft\WindowsApps;C:\Program Files\Java\jdk-20\bin;C:\Users\DELL\AppData\Local\Programs\Microsoft VS Code\bin;C:\Users\DELL\.dotnet\tools;C:\Users\DELL\AppData\Local\nvm;C:\nvm4w\nodejs;C:\Users\DELL\AppData\Roaming\npm;C:\Users\DELL\OneDrive\Desktop;
USERNAME=DELL
OS=Windows_NT
PROCESSOR_IDENTIFIER=AMD64 Family 23 Model 24 Stepping 1, AuthenticAMD
TMP=C:\Users\DELL\AppData\Local\Temp
TEMP=C:\Users\DELL\AppData\Local\Temp




Periodic native trim disabled

---------------  S Y S T E M  ---------------

OS:
 Windows 10 , 64 bit Build 19041 (10.0.19041.5915)
OS uptime: 26 days 0:48 hours

CPU: total 4 (initial active 4) (4 cores per cpu, 2 threads per core) family 23 model 24 stepping 1 microcode 0x0, cx8, cmov, fxsr, ht, mmx, 3dnowpref, sse, sse2, sse3, ssse3, sse4a, sse4.1, sse4.2, popcnt, lzcnt, tsc, tscinvbit, avx, avx2, aes, clmul, bmi1, bmi2, adx, sha, fma, vzeroupper, clflush, clflushopt, rdtscp, f16c
Processor Information for the first 4 processors :
  Max Mhz: 2600, Current Mhz: 2600, Mhz Limit: 2600

Memory: 4k page, system-wide physical 3470M (174M free)
TotalPageFile size 14222M (AvailPageFile size 1M)
current process WorkingSet (physical memory assigned to process): 172M, peak: 198M
current process commit charge ("private bytes"): 262M, peak: 264M

vm_info: OpenJDK 64-Bit Server VM (21.0.8+9-LTS) for windows-amd64 JRE (21.0.8+9-LTS), built on 2025-07-15T00:00:00Z by "admin" with MS VC++ 17.7 (VS2022)

END.
