#
# There is insufficient memory for the Java Runtime Environment to continue.
# Native memory allocation (malloc) failed to allocate 246736 bytes. Error detail: Chunk::new
# Possible reasons:
#   The system is out of physical RAM or swap space
#   This process is running with CompressedOops enabled, and the Java Heap may be blocking the growth of the native heap
# Possible solutions:
#   Reduce memory load on the system
#   Increase physical memory or swap space
#   Check if swap backing store is full
#   Decrease Java heap size (-Xmx/-Xms)
#   Decrease number of Java threads
#   Decrease Java thread stack sizes (-Xss)
#   Set larger code cache with -XX:ReservedCodeCacheSize=
#   JVM is running with Unscaled Compressed Oops mode in which the Java heap is
#     placed in the first 4GB address space. The Java Heap base address is the
#     maximum limit for the native heap growth. Please use -XX:HeapBaseMinAddress
#     to set the Java Heap base and to place the Java Heap above 4GB virtual address.
# This output file may be truncated or incomplete.
#
#  Out of Memory Error (arena.cpp:168), pid=3948, tid=3516
#
# JRE version: OpenJDK Runtime Environment Temurin-21.0.8+9 (21.0.8+9) (build 21.0.8+9-LTS)
# Java VM: OpenJDK 64-Bit Server VM Temurin-21.0.8+9 (21.0.8+9-LTS, mixed mode, sharing, tiered, compressed oops, compressed class ptrs, g1 gc, windows-amd64)
# No core dump will be written. Minidumps are not enabled by default on client versions of Windows
#

---------------  S U M M A R Y ------------

Command Line: -Dfile.encoding=UTF-8 -Dstdout.encoding=UTF-8 -Dstderr.encoding=UTF-8 -XX:+ShowCodeDetailsInExceptionMessages com.employee.employee_api.EmployeeApiApplication

Host: AMD Ryzen 3 3250U with Radeon Graphics         , 4 cores, 3G,  Windows 10 , 64 bit Build 19041 (10.0.19041.5915)
Time: Fri Feb  6 14:56:04 2026 India Standard Time elapsed time: 30.218634 seconds (0d 0h 0m 30s)

---------------  T H R E A D  ---------------

Current thread (0x000001ea7cdc3f90):  JavaThread "C2 CompilerThread0" daemon [_thread_in_native, id=3516, stack(0x000000b2cf400000,0x000000b2cf500000) (1024K)]


Current CompileTask:
C2:30218 5046       4       java.net.URLStreamHandler::setURL (159 bytes)

Stack: [0x000000b2cf400000,0x000000b2cf500000]
Native frames: (J=compiled Java code, j=interpreted, Vv=VM code, C=native code)
V  [jvm.dll+0x6d2449]
V  [jvm.dll+0x8ae341]
V  [jvm.dll+0x8b08be]
V  [jvm.dll+0x8b0fa3]
V  [jvm.dll+0x280c96]
V  [jvm.dll+0xc581d]
V  [jvm.dll+0xc5d53]
V  [jvm.dll+0x2f539d]
V  [jvm.dll+0x5fa00a]
V  [jvm.dll+0x252092]
V  [jvm.dll+0x24a85c]
V  [jvm.dll+0x2483a4]
V  [jvm.dll+0x1c89ee]
V  [jvm.dll+0x257d4d]
V  [jvm.dll+0x2562ea]
V  [jvm.dll+0x3f2d16]
V  [jvm.dll+0x857e6b]
V  [jvm.dll+0x6d0b0d]
C  [ucrtbase.dll+0x21bb2]
C  [KERNEL32.DLL+0x17374]
C  [ntdll.dll+0x4cc91]


---------------  P R O C E S S  ---------------

Threads class SMR info:
_java_thread_list=0x000001ea7f0ac010, length=17, elements={
0x000001ea64c5aa20, 0x000001ea7cdb8930, 0x000001ea7cdbb2b0, 0x000001ea7cdbff00,
0x000001ea7cdc0950, 0x000001ea7cdc17b0, 0x000001ea7cdc2200, 0x000001ea7cdc3f90,
0x000001ea7ce33100, 0x000001ea7cf08d50, 0x000001ea7cf11b80, 0x000001ea7e5ef290,
0x000001ea7e83fff0, 0x000001ea7e840650, 0x000001ea7e5aa780, 0x000001ea7f68d1d0,
0x000001ea7f7ac030
}

Java Threads: ( => current thread )
  0x000001ea64c5aa20 JavaThread "main"                              [_thread_in_Java, id=10460, stack(0x000000b2ce600000,0x000000b2ce700000) (1024K)]
  0x000001ea7cdb8930 JavaThread "Reference Handler"          daemon [_thread_blocked, id=9496, stack(0x000000b2cee00000,0x000000b2cef00000) (1024K)]
  0x000001ea7cdbb2b0 JavaThread "Finalizer"                  daemon [_thread_blocked, id=14804, stack(0x000000b2cef00000,0x000000b2cf000000) (1024K)]
  0x000001ea7cdbff00 JavaThread "Signal Dispatcher"          daemon [_thread_blocked, id=6540, stack(0x000000b2cf000000,0x000000b2cf100000) (1024K)]
  0x000001ea7cdc0950 JavaThread "Attach Listener"            daemon [_thread_blocked, id=14536, stack(0x000000b2cf100000,0x000000b2cf200000) (1024K)]
  0x000001ea7cdc17b0 JavaThread "Service Thread"             daemon [_thread_blocked, id=10076, stack(0x000000b2cf200000,0x000000b2cf300000) (1024K)]
  0x000001ea7cdc2200 JavaThread "Monitor Deflation Thread"   daemon [_thread_blocked, id=12964, stack(0x000000b2cf300000,0x000000b2cf400000) (1024K)]
=>0x000001ea7cdc3f90 JavaThread "C2 CompilerThread0"         daemon [_thread_in_native, id=3516, stack(0x000000b2cf400000,0x000000b2cf500000) (1024K)]
  0x000001ea7ce33100 JavaThread "C1 CompilerThread0"         daemon [_thread_blocked, id=14292, stack(0x000000b2cf500000,0x000000b2cf600000) (1024K)]
  0x000001ea7cf08d50 JavaThread "Notification Thread"        daemon [_thread_blocked, id=2508, stack(0x000000b2cf600000,0x000000b2cf700000) (1024K)]
  0x000001ea7cf11b80 JavaThread "Common-Cleaner"             daemon [_thread_blocked, id=12432, stack(0x000000b2cf700000,0x000000b2cf800000) (1024K)]
  0x000001ea7e5ef290 JavaThread "Catalina-utility-1"                [_thread_blocked, id=13848, stack(0x000000b2cfb00000,0x000000b2cfc00000) (1024K)]
  0x000001ea7e83fff0 JavaThread "Catalina-utility-2"                [_thread_blocked, id=15568, stack(0x000000b2cfc00000,0x000000b2cfd00000) (1024K)]
  0x000001ea7e840650 JavaThread "container-0"                       [_thread_blocked, id=14288, stack(0x000000b2cfd00000,0x000000b2cfe00000) (1024K)]
  0x000001ea7e5aa780 JavaThread "mysql-cj-abandoned-connection-cleanup" daemon [_thread_blocked, id=11172, stack(0x000000b2cfe00000,0x000000b2cff00000) (1024K)]
  0x000001ea7f68d1d0 JavaThread "HikariPool-1 housekeeper"   daemon [_thread_blocked, id=9636, stack(0x000000b2d0000000,0x000000b2d0100000) (1024K)]
  0x000001ea7f7ac030 JavaThread "HikariPool-1 connection adder" daemon [_thread_blocked, id=16360, stack(0x000000b2d0100000,0x000000b2d0200000) (1024K)]
Total: 17

Other Threads:
  0x000001ea6700e410 VMThread "VM Thread"                           [id=1492, stack(0x000000b2ced00000,0x000000b2cee00000) (1024K)]
  0x000001ea7cdaaa00 WatcherThread "VM Periodic Task Thread"        [id=7768, stack(0x000000b2cec00000,0x000000b2ced00000) (1024K)]
  0x000001ea66f8da40 WorkerThread "GC Thread#0"                     [id=16996, stack(0x000000b2ce700000,0x000000b2ce800000) (1024K)]
  0x000001ea7d598bd0 WorkerThread "GC Thread#1"                     [id=11644, stack(0x000000b2cf800000,0x000000b2cf900000) (1024K)]
  0x000001ea7d9f5e00 WorkerThread "GC Thread#2"                     [id=2692, stack(0x000000b2cf900000,0x000000b2cfa00000) (1024K)]
  0x000001ea7d9f61a0 WorkerThread "GC Thread#3"                     [id=4968, stack(0x000000b2cfa00000,0x000000b2cfb00000) (1024K)]
  0x000001ea66f955b0 ConcurrentGCThread "G1 Main Marker"            [id=9116, stack(0x000000b2ce800000,0x000000b2ce900000) (1024K)]
  0x000001ea66f95fc0 WorkerThread "G1 Conc#0"                       [id=10856, stack(0x000000b2ce900000,0x000000b2cea00000) (1024K)]
  0x000001ea66feb920 ConcurrentGCThread "G1 Refine#0"               [id=8384, stack(0x000000b2cea00000,0x000000b2ceb00000) (1024K)]
  0x000001ea66fec3a0 ConcurrentGCThread "G1 Service"                [id=16196, stack(0x000000b2ceb00000,0x000000b2cec00000) (1024K)]
Total: 10

Threads with active compile tasks:
C2 CompilerThread0  30401 5046       4       java.net.URLStreamHandler::setURL (159 bytes)
Total: 1

VM state: not at safepoint (normal execution)

VM Mutex/Monitor currently owned by a thread: None

Heap address: 0x00000000c9c00000, size: 868 MB, Compressed Oops mode: 32-bit

CDS archive(s) mapped at: [0x000001ea00000000-0x000001ea00c80000-0x000001ea00c80000), size 13107200, SharedBaseAddress: 0x000001ea00000000, ArchiveRelocationMode: 1.
Compressed class space mapped at: 0x000001ea01000000-0x000001ea41000000, reserved size: 1073741824
Narrow klass base: 0x000001ea00000000, Narrow klass shift: 0, Narrow klass range: 0x100000000

GC Precious Log:
 CardTable entry size: 512
 Card Set container configuration: InlinePtr #cards 5 size 8 Array Of Cards #cards 12 size 40 Howl #buckets 4 coarsen threshold 1843 Howl Bitmap #cards 512 size 80 coarsen threshold 460 Card regions per heap region 1 cards per card region 2048
 CPUs: 4 total, 4 available
 Memory: 3470M
 Large Page Support: Disabled
 NUMA Support: Disabled
 Compressed Oops: Enabled (32-bit)
 Heap Region Size: 1M
 Heap Min Capacity: 8M
 Heap Initial Capacity: 56M
 Heap Max Capacity: 868M
 Pre-touch: Disabled
 Parallel Workers: 4
 Concurrent Workers: 1
 Concurrent Refinement Workers: 4
 Periodic GC: Disabled

Heap:
 garbage-first heap   total 51200K, used 28716K [0x00000000c9c00000, 0x0000000100000000)
  region size 1024K, 8 young (8192K), 2 survivors (2048K)
 Metaspace       used 53737K, committed 54272K, reserved 1114112K
  class space    used 7007K, committed 7232K, reserved 1048576K

Heap Regions: E=young(eden), S=young(survivor), O=old, HS=humongous(starts), HC=humongous(continues), CS=collection set, F=free, TAMS=top-at-mark-start, PB=parsable bottom
|   0|0x00000000c9c00000, 0x00000000c9d00000, 0x00000000c9d00000|100%|HS|  |TAMS 0x00000000c9c00000| PB 0x00000000c9c00000| Complete 
|   1|0x00000000c9d00000, 0x00000000c9e00000, 0x00000000c9e00000|100%| O|  |TAMS 0x00000000c9d00000| PB 0x00000000c9d00000| Untracked 
|   2|0x00000000c9e00000, 0x00000000c9f00000, 0x00000000c9f00000|100%| O|  |TAMS 0x00000000c9e00000| PB 0x00000000c9e00000| Untracked 
|   3|0x00000000c9f00000, 0x00000000ca000000, 0x00000000ca000000|100%| O|  |TAMS 0x00000000c9f00000| PB 0x00000000c9f00000| Untracked 
|   4|0x00000000ca000000, 0x00000000ca100000, 0x00000000ca100000|100%| O|  |TAMS 0x00000000ca000000| PB 0x00000000ca000000| Untracked 
|   5|0x00000000ca100000, 0x00000000ca200000, 0x00000000ca200000|100%| O|  |TAMS 0x00000000ca100000| PB 0x00000000ca100000| Untracked 
|   6|0x00000000ca200000, 0x00000000ca300000, 0x00000000ca300000|100%| O|  |TAMS 0x00000000ca200000| PB 0x00000000ca200000| Untracked 
|   7|0x00000000ca300000, 0x00000000ca400000, 0x00000000ca400000|100%| O|  |TAMS 0x00000000ca300000| PB 0x00000000ca300000| Untracked 
|   8|0x00000000ca400000, 0x00000000ca400000, 0x00000000ca500000|  0%| F|  |TAMS 0x00000000ca400000| PB 0x00000000ca400000| Untracked 
|   9|0x00000000ca500000, 0x00000000ca600000, 0x00000000ca600000|100%| O|  |TAMS 0x00000000ca500000| PB 0x00000000ca500000| Untracked 
|  10|0x00000000ca600000, 0x00000000ca700000, 0x00000000ca700000|100%| O|  |TAMS 0x00000000ca600000| PB 0x00000000ca600000| Untracked 
|  11|0x00000000ca700000, 0x00000000ca800000, 0x00000000ca800000|100%| O|  |TAMS 0x00000000ca700000| PB 0x00000000ca700000| Untracked 
|  12|0x00000000ca800000, 0x00000000ca900000, 0x00000000ca900000|100%| O|  |TAMS 0x00000000ca800000| PB 0x00000000ca800000| Untracked 
|  13|0x00000000ca900000, 0x00000000caa00000, 0x00000000caa00000|100%| O|  |TAMS 0x00000000ca900000| PB 0x00000000ca900000| Untracked 
|  14|0x00000000caa00000, 0x00000000cab00000, 0x00000000cab00000|100%| O|  |TAMS 0x00000000caa00000| PB 0x00000000caa00000| Untracked 
|  15|0x00000000cab00000, 0x00000000cac00000, 0x00000000cac00000|100%| O|  |TAMS 0x00000000cab00000| PB 0x00000000cab00000| Untracked 
|  16|0x00000000cac00000, 0x00000000cad00000, 0x00000000cad00000|100%| O|  |TAMS 0x00000000cac00000| PB 0x00000000cac00000| Untracked 
|  17|0x00000000cad00000, 0x00000000cae00000, 0x00000000cae00000|100%| O|  |TAMS 0x00000000cad00000| PB 0x00000000cad00000| Untracked 
|  18|0x00000000cae00000, 0x00000000caf00000, 0x00000000caf00000|100%| O|  |TAMS 0x00000000cae00000| PB 0x00000000cae00000| Untracked 
|  19|0x00000000caf00000, 0x00000000cb000000, 0x00000000cb000000|100%| O|  |TAMS 0x00000000caf00000| PB 0x00000000caf00000| Untracked 
|  20|0x00000000cb000000, 0x00000000cb100000, 0x00000000cb100000|100%| O|  |TAMS 0x00000000cb000000| PB 0x00000000cb000000| Untracked 
|  21|0x00000000cb100000, 0x00000000cb200000, 0x00000000cb200000|100%| O|  |TAMS 0x00000000cb100000| PB 0x00000000cb100000| Untracked 
|  22|0x00000000cb200000, 0x00000000cb290100, 0x00000000cb300000| 56%| O|  |TAMS 0x00000000cb200000| PB 0x00000000cb200000| Untracked 
|  23|0x00000000cb300000, 0x00000000cb300000, 0x00000000cb400000|  0%| F|  |TAMS 0x00000000cb300000| PB 0x00000000cb300000| Untracked 
|  24|0x00000000cb400000, 0x00000000cb400000, 0x00000000cb500000|  0%| F|  |TAMS 0x00000000cb400000| PB 0x00000000cb400000| Untracked 
|  25|0x00000000cb500000, 0x00000000cb500000, 0x00000000cb600000|  0%| F|  |TAMS 0x00000000cb500000| PB 0x00000000cb500000| Untracked 
|  26|0x00000000cb600000, 0x00000000cb600000, 0x00000000cb700000|  0%| F|  |TAMS 0x00000000cb600000| PB 0x00000000cb600000| Untracked 
|  27|0x00000000cb700000, 0x00000000cb77b060, 0x00000000cb800000| 48%| S|CS|TAMS 0x00000000cb700000| PB 0x00000000cb700000| Complete 
|  28|0x00000000cb800000, 0x00000000cb900000, 0x00000000cb900000|100%| S|CS|TAMS 0x00000000cb800000| PB 0x00000000cb800000| Complete 
|  29|0x00000000cb900000, 0x00000000cb900000, 0x00000000cba00000|  0%| F|  |TAMS 0x00000000cb900000| PB 0x00000000cb900000| Untracked 
|  30|0x00000000cba00000, 0x00000000cba00000, 0x00000000cbb00000|  0%| F|  |TAMS 0x00000000cba00000| PB 0x00000000cba00000| Untracked 
|  31|0x00000000cbb00000, 0x00000000cbb00000, 0x00000000cbc00000|  0%| F|  |TAMS 0x00000000cbb00000| PB 0x00000000cbb00000| Untracked 
|  32|0x00000000cbc00000, 0x00000000cbc00000, 0x00000000cbd00000|  0%| F|  |TAMS 0x00000000cbc00000| PB 0x00000000cbc00000| Untracked 
|  33|0x00000000cbd00000, 0x00000000cbd00000, 0x00000000cbe00000|  0%| F|  |TAMS 0x00000000cbd00000| PB 0x00000000cbd00000| Untracked 
|  34|0x00000000cbe00000, 0x00000000cbe00000, 0x00000000cbf00000|  0%| F|  |TAMS 0x00000000cbe00000| PB 0x00000000cbe00000| Untracked 
|  35|0x00000000cbf00000, 0x00000000cbf00000, 0x00000000cc000000|  0%| F|  |TAMS 0x00000000cbf00000| PB 0x00000000cbf00000| Untracked 
|  36|0x00000000cc000000, 0x00000000cc000000, 0x00000000cc100000|  0%| F|  |TAMS 0x00000000cc000000| PB 0x00000000cc000000| Untracked 
|  37|0x00000000cc100000, 0x00000000cc100000, 0x00000000cc200000|  0%| F|  |TAMS 0x00000000cc100000| PB 0x00000000cc100000| Untracked 
|  38|0x00000000cc200000, 0x00000000cc200000, 0x00000000cc300000|  0%| F|  |TAMS 0x00000000cc200000| PB 0x00000000cc200000| Untracked 
|  39|0x00000000cc300000, 0x00000000cc300000, 0x00000000cc400000|  0%| F|  |TAMS 0x00000000cc300000| PB 0x00000000cc300000| Untracked 
|  40|0x00000000cc400000, 0x00000000cc400000, 0x00000000cc500000|  0%| F|  |TAMS 0x00000000cc400000| PB 0x00000000cc400000| Untracked 
|  41|0x00000000cc500000, 0x00000000cc500000, 0x00000000cc600000|  0%| F|  |TAMS 0x00000000cc500000| PB 0x00000000cc500000| Untracked 
|  42|0x00000000cc600000, 0x00000000cc600000, 0x00000000cc700000|  0%| F|  |TAMS 0x00000000cc600000| PB 0x00000000cc600000| Untracked 
|  43|0x00000000cc700000, 0x00000000cc700000, 0x00000000cc800000|  0%| F|  |TAMS 0x00000000cc700000| PB 0x00000000cc700000| Untracked 
|  44|0x00000000cc800000, 0x00000000cc8cf418, 0x00000000cc900000| 80%| E|  |TAMS 0x00000000cc800000| PB 0x00000000cc800000| Complete 
|  45|0x00000000cc900000, 0x00000000cca00000, 0x00000000cca00000|100%| E|CS|TAMS 0x00000000cc900000| PB 0x00000000cc900000| Complete 
|  46|0x00000000cca00000, 0x00000000ccb00000, 0x00000000ccb00000|100%| E|CS|TAMS 0x00000000cca00000| PB 0x00000000cca00000| Complete 
|  47|0x00000000ccb00000, 0x00000000ccc00000, 0x00000000ccc00000|100%| E|CS|TAMS 0x00000000ccb00000| PB 0x00000000ccb00000| Complete 
|  48|0x00000000ccc00000, 0x00000000ccd00000, 0x00000000ccd00000|100%| E|CS|TAMS 0x00000000ccc00000| PB 0x00000000ccc00000| Complete 
|  55|0x00000000cd300000, 0x00000000cd400000, 0x00000000cd400000|100%| E|CS|TAMS 0x00000000cd300000| PB 0x00000000cd300000| Complete 

Card table byte_map: [0x000001ea79900000,0x000001ea79ac0000] _byte_map_base: 0x000001ea792b2000

Marking Bits: (CMBitMap*) 0x000001ea66f8e050
 Bits: [0x000001ea79ac0000, 0x000001ea7a850000)

Polling page: 0x000001ea64db0000

Metaspace:

Usage:
  Non-class:     45.64 MB used.
      Class:      6.85 MB used.
       Both:     52.49 MB used.

Virtual space:
  Non-class space:       64.00 MB reserved,      45.94 MB ( 72%) committed,  1 nodes.
      Class space:        1.00 GB reserved,       7.06 MB ( <1%) committed,  1 nodes.
             Both:        1.06 GB reserved,      53.00 MB (  5%) committed. 

Chunk freelists:
   Non-Class:  2.06 MB
       Class:  8.83 MB
        Both:  10.89 MB

MaxMetaspaceSize: unlimited
CompressedClassSpaceSize: 1.00 GB
Initial GC threshold: 21.00 MB
Current GC threshold: 58.88 MB
CDS: on
 - commit_granule_bytes: 65536.
 - commit_granule_words: 8192.
 - virtual_space_node_default_size: 8388608.
 - enlarge_chunks_in_place: 1.
 - use_allocation_guard: 0.


Internal statistics:

num_allocs_failed_limit: 6.
num_arena_births: 708.
num_arena_deaths: 0.
num_vsnodes_births: 2.
num_vsnodes_deaths: 0.
num_space_committed: 849.
num_space_uncommitted: 0.
num_chunks_returned_to_freelist: 6.
num_chunks_taken_from_freelist: 2481.
num_chunk_merges: 6.
num_chunk_splits: 1788.
num_chunks_enlarged: 1385.
num_inconsistent_stats: 0.

CodeHeap 'non-profiled nmethods': size=120000Kb used=2899Kb max_used=2899Kb free=117100Kb
 bounds [0x000001ea723d0000, 0x000001ea726b0000, 0x000001ea79900000]
CodeHeap 'profiled nmethods': size=120000Kb used=9439Kb max_used=9439Kb free=110560Kb
 bounds [0x000001ea6a900000, 0x000001ea6b240000, 0x000001ea71e30000]
CodeHeap 'non-nmethods': size=5760Kb used=1609Kb max_used=1611Kb free=4151Kb
 bounds [0x000001ea71e30000, 0x000001ea720a0000, 0x000001ea723d0000]
CodeCache: size=245760Kb, used=13947Kb, max_used=13949Kb, free=231811Kb
 total_blobs=5285, nmethods=4625, adapters=563, full_count=0
Compilation: enabled, stopped_count=0, restarted_count=0

Compilation events (20 events):
Event: 29.373 Thread 0x000001ea7cdc3f90 nmethod 5035 0x000001ea726a0a90 code [0x000001ea726a0d00, 0x000001ea726a1ee8]
Event: 29.467 Thread 0x000001ea7cdc3f90 5037       4       jdk.internal.org.objectweb.asm.ByteVector::enlarge (73 bytes)
Event: 29.470 Thread 0x000001ea7cdc3f90 nmethod 5037 0x000001ea726a2910 code [0x000001ea726a2ac0, 0x000001ea726a2ef0]
Event: 29.477 Thread 0x000001ea7ce33100 5038       3       java.lang.Math::multiplyExact (27 bytes)
Event: 29.477 Thread 0x000001ea7ce33100 nmethod 5038 0x000001ea6b235090 code [0x000001ea6b235240, 0x000001ea6b235440]
Event: 29.478 Thread 0x000001ea7ce33100 5039       3       java.lang.Character::isDigit (9 bytes)
Event: 29.478 Thread 0x000001ea7ce33100 nmethod 5039 0x000001ea6b235510 code [0x000001ea6b2356c0, 0x000001ea6b2358b8]
Event: 29.478 Thread 0x000001ea7ce33100 5040       3       org.hibernate.internal.util.collections.CaseInsensitiveDictionary::trueKey (8 bytes)
Event: 29.479 Thread 0x000001ea7ce33100 nmethod 5040 0x000001ea6b235990 code [0x000001ea6b235b80, 0x000001ea6b235e88]
Event: 29.835 Thread 0x000001ea7cdc3f90 5041       4       java.util.concurrent.locks.ReentrantLock$NonfairSync::initialTryLock (58 bytes)
Event: 29.839 Thread 0x000001ea7cdc3f90 nmethod 5041 0x000001ea726a3010 code [0x000001ea726a31c0, 0x000001ea726a3428]
Event: 29.843 Thread 0x000001ea7cdc3f90 5042       4       sun.net.www.protocol.jar.Handler::checkNestedProtocol (18 bytes)
Event: 29.847 Thread 0x000001ea7cdc3f90 nmethod 5042 0x000001ea726a3510 code [0x000001ea726a36a0, 0x000001ea726a38c8]
Event: 29.855 Thread 0x000001ea7ce33100 5043       1       org.hibernate.service.spi.ServiceBinding::getService (5 bytes)
Event: 29.855 Thread 0x000001ea7ce33100 nmethod 5043 0x000001ea726a3a90 code [0x000001ea726a3c20, 0x000001ea726a3ce8]
Event: 29.960 Thread 0x000001ea7cdc3f90 5044       4       java.lang.PublicMethods$Key::hashCode (19 bytes)
Event: 29.963 Thread 0x000001ea7cdc3f90 nmethod 5044 0x000001ea726a3d90 code [0x000001ea726a3f40, 0x000001ea726a4160]
Event: 30.174 Thread 0x000001ea7cdc3f90 5045       4       sun.net.www.protocol.jar.Handler::parseContextSpec (150 bytes)
Event: 30.185 Thread 0x000001ea7cdc3f90 nmethod 5045 0x000001ea726a4310 code [0x000001ea726a44e0, 0x000001ea726a4b40]
Event: 30.185 Thread 0x000001ea7cdc3f90 5046       4       java.net.URLStreamHandler::setURL (159 bytes)

GC Heap History (20 events):
Event: 2.272 GC heap before
{Heap before GC invocations=0 (full 0):
 garbage-first heap   total 57344K, used 13312K [0x00000000c9c00000, 0x0000000100000000)
  region size 1024K, 13 young (13312K), 0 survivors (0K)
 Metaspace       used 3536K, committed 3712K, reserved 1114112K
  class space    used 375K, committed 448K, reserved 1048576K
}
Event: 2.285 GC heap after
{Heap after GC invocations=1 (full 0):
 garbage-first heap   total 57344K, used 6384K [0x00000000c9c00000, 0x0000000100000000)
  region size 1024K, 2 young (2048K), 2 survivors (2048K)
 Metaspace       used 3536K, committed 3712K, reserved 1114112K
  class space    used 375K, committed 448K, reserved 1048576K
}
Event: 3.168 GC heap before
{Heap before GC invocations=1 (full 0):
 garbage-first heap   total 57344K, used 17648K [0x00000000c9c00000, 0x0000000100000000)
  region size 1024K, 13 young (13312K), 2 survivors (2048K)
 Metaspace       used 6920K, committed 7168K, reserved 1114112K
  class space    used 839K, committed 960K, reserved 1048576K
}
Event: 3.174 GC heap after
{Heap after GC invocations=2 (full 0):
 garbage-first heap   total 57344K, used 7597K [0x00000000c9c00000, 0x0000000100000000)
  region size 1024K, 2 young (2048K), 2 survivors (2048K)
 Metaspace       used 6920K, committed 7168K, reserved 1114112K
  class space    used 839K, committed 960K, reserved 1048576K
}
Event: 5.018 GC heap before
{Heap before GC invocations=2 (full 0):
 garbage-first heap   total 57344K, used 30125K [0x00000000c9c00000, 0x0000000100000000)
  region size 1024K, 25 young (25600K), 2 survivors (2048K)
 Metaspace       used 13486K, committed 13760K, reserved 1114112K
  class space    used 1608K, committed 1728K, reserved 1048576K
}
Event: 5.023 GC heap after
{Heap after GC invocations=3 (full 0):
 garbage-first heap   total 57344K, used 9435K [0x00000000c9c00000, 0x0000000100000000)
  region size 1024K, 3 young (3072K), 3 survivors (3072K)
 Metaspace       used 13486K, committed 13760K, reserved 1114112K
  class space    used 1608K, committed 1728K, reserved 1048576K
}
Event: 7.585 GC heap before
{Heap before GC invocations=3 (full 0):
 garbage-first heap   total 57344K, used 39131K [0x00000000c9c00000, 0x0000000100000000)
  region size 1024K, 32 young (32768K), 3 survivors (3072K)
 Metaspace       used 18900K, committed 19200K, reserved 1114112K
  class space    used 2281K, committed 2432K, reserved 1048576K
}
Event: 7.596 GC heap after
{Heap after GC invocations=4 (full 0):
 garbage-first heap   total 57344K, used 12824K [0x00000000c9c00000, 0x0000000100000000)
  region size 1024K, 4 young (4096K), 4 survivors (4096K)
 Metaspace       used 18900K, committed 19200K, reserved 1114112K
  class space    used 2281K, committed 2432K, reserved 1048576K
}
Event: 9.025 GC heap before
{Heap before GC invocations=4 (full 0):
 garbage-first heap   total 57344K, used 32280K [0x00000000c9c00000, 0x0000000100000000)
  region size 1024K, 24 young (24576K), 4 survivors (4096K)
 Metaspace       used 21240K, committed 21504K, reserved 1114112K
  class space    used 2550K, committed 2688K, reserved 1048576K
}
Event: 9.038 GC heap after
{Heap after GC invocations=5 (full 0):
 garbage-first heap   total 57344K, used 14356K [0x00000000c9c00000, 0x0000000100000000)
  region size 1024K, 2 young (2048K), 2 survivors (2048K)
 Metaspace       used 21240K, committed 21504K, reserved 1114112K
  class space    used 2550K, committed 2688K, reserved 1048576K
}
Event: 12.902 GC heap before
{Heap before GC invocations=6 (full 0):
 garbage-first heap   total 51200K, used 42004K [0x00000000c9c00000, 0x0000000100000000)
  region size 1024K, 30 young (30720K), 2 survivors (2048K)
 Metaspace       used 26500K, committed 26944K, reserved 1114112K
  class space    used 3337K, committed 3520K, reserved 1048576K
}
Event: 12.916 GC heap after
{Heap after GC invocations=7 (full 0):
 garbage-first heap   total 51200K, used 17018K [0x00000000c9c00000, 0x0000000100000000)
  region size 1024K, 4 young (4096K), 4 survivors (4096K)
 Metaspace       used 26500K, committed 26944K, reserved 1114112K
  class space    used 3337K, committed 3520K, reserved 1048576K
}
Event: 18.565 GC heap before
{Heap before GC invocations=7 (full 0):
 garbage-first heap   total 51200K, used 38522K [0x00000000c9c00000, 0x0000000100000000)
  region size 1024K, 26 young (26624K), 4 survivors (4096K)
 Metaspace       used 31158K, committed 31744K, reserved 1114112K
  class space    used 3944K, committed 4224K, reserved 1048576K
}
Event: 18.589 GC heap after
{Heap after GC invocations=8 (full 0):
 garbage-first heap   total 51200K, used 18807K [0x00000000c9c00000, 0x0000000100000000)
  region size 1024K, 2 young (2048K), 2 survivors (2048K)
 Metaspace       used 31158K, committed 31744K, reserved 1114112K
  class space    used 3944K, committed 4224K, reserved 1048576K
}
Event: 22.353 GC heap before
{Heap before GC invocations=8 (full 0):
 garbage-first heap   total 51200K, used 34167K [0x00000000c9c00000, 0x0000000100000000)
  region size 1024K, 18 young (18432K), 2 survivors (2048K)
 Metaspace       used 35577K, committed 36096K, reserved 1114112K
  class space    used 4616K, committed 4864K, reserved 1048576K
}
Event: 22.362 GC heap after
{Heap after GC invocations=9 (full 0):
 garbage-first heap   total 51200K, used 19758K [0x00000000c9c00000, 0x0000000100000000)
  region size 1024K, 1 young (1024K), 1 survivors (1024K)
 Metaspace       used 35577K, committed 36096K, reserved 1114112K
  class space    used 4616K, committed 4864K, reserved 1048576K
}
Event: 26.735 GC heap before
{Heap before GC invocations=10 (full 0):
 garbage-first heap   total 51200K, used 43310K [0x00000000c9c00000, 0x0000000100000000)
  region size 1024K, 24 young (24576K), 1 survivors (1024K)
 Metaspace       used 45603K, committed 46144K, reserved 1114112K
  class space    used 5870K, committed 6080K, reserved 1048576K
}
Event: 26.740 GC heap after
{Heap after GC invocations=11 (full 0):
 garbage-first heap   total 51200K, used 22147K [0x00000000c9c00000, 0x0000000100000000)
  region size 1024K, 3 young (3072K), 3 survivors (3072K)
 Metaspace       used 45603K, committed 46144K, reserved 1114112K
  class space    used 5870K, committed 6080K, reserved 1048576K
}
Event: 29.815 GC heap before
{Heap before GC invocations=11 (full 0):
 garbage-first heap   total 51200K, used 42627K [0x00000000c9c00000, 0x0000000100000000)
  region size 1024K, 24 young (24576K), 3 survivors (3072K)
 Metaspace       used 51746K, committed 52288K, reserved 1114112K
  class space    used 6738K, committed 6976K, reserved 1048576K
}
Event: 29.829 GC heap after
{Heap after GC invocations=12 (full 0):
 garbage-first heap   total 51200K, used 23596K [0x00000000c9c00000, 0x0000000100000000)
  region size 1024K, 2 young (2048K), 2 survivors (2048K)
 Metaspace       used 51746K, committed 52288K, reserved 1114112K
  class space    used 6738K, committed 6976K, reserved 1048576K
}

Dll operation events (11 events):
Event: 0.031 Loaded shared library C:\Users\DELL\.p2\pool\plugins\org.eclipse.justj.openjdk.hotspot.jre.full.win32.x86_64_21.0.8.v20250724-1412\jre\bin\java.dll
Event: 0.123 Loaded shared library C:\Users\DELL\.p2\pool\plugins\org.eclipse.justj.openjdk.hotspot.jre.full.win32.x86_64_21.0.8.v20250724-1412\jre\bin\zip.dll
Event: 0.742 Loaded shared library C:\Users\DELL\.p2\pool\plugins\org.eclipse.justj.openjdk.hotspot.jre.full.win32.x86_64_21.0.8.v20250724-1412\jre\bin\net.dll
Event: 0.744 Loaded shared library C:\Users\DELL\.p2\pool\plugins\org.eclipse.justj.openjdk.hotspot.jre.full.win32.x86_64_21.0.8.v20250724-1412\jre\bin\nio.dll
Event: 0.749 Loaded shared library C:\Users\DELL\.p2\pool\plugins\org.eclipse.justj.openjdk.hotspot.jre.full.win32.x86_64_21.0.8.v20250724-1412\jre\bin\zip.dll
Event: 1.654 Loaded shared library C:\Users\DELL\.p2\pool\plugins\org.eclipse.justj.openjdk.hotspot.jre.full.win32.x86_64_21.0.8.v20250724-1412\jre\bin\jimage.dll
Event: 6.071 Loaded shared library C:\Users\DELL\.p2\pool\plugins\org.eclipse.justj.openjdk.hotspot.jre.full.win32.x86_64_21.0.8.v20250724-1412\jre\bin\sunmscapi.dll
Event: 13.774 Loaded shared library C:\Users\DELL\.p2\pool\plugins\org.eclipse.justj.openjdk.hotspot.jre.full.win32.x86_64_21.0.8.v20250724-1412\jre\bin\management.dll
Event: 13.781 Loaded shared library C:\Users\DELL\.p2\pool\plugins\org.eclipse.justj.openjdk.hotspot.jre.full.win32.x86_64_21.0.8.v20250724-1412\jre\bin\management_ext.dll
Event: 21.366 Loaded shared library C:\Users\DELL\.p2\pool\plugins\org.eclipse.justj.openjdk.hotspot.jre.full.win32.x86_64_21.0.8.v20250724-1412\jre\bin\verify.dll
Event: 23.189 Loaded shared library C:\Users\DELL\.p2\pool\plugins\org.eclipse.justj.openjdk.hotspot.jre.full.win32.x86_64_21.0.8.v20250724-1412\jre\bin\extnet.dll

Deoptimization events (20 events):
Event: 28.015 Thread 0x000001ea7f7ac030 DEOPT PACKING pc=0x000001ea72687824 sp=0x000000b2d01fe5d0
Event: 28.015 Thread 0x000001ea7f7ac030 DEOPT UNPACKING pc=0x000001ea71e846a2 sp=0x000000b2d01fe558 mode 2
Event: 28.015 Thread 0x000001ea7f7ac030 Uncommon trap: trap_request=0xffffffbe fr.pc=0x000001ea72687824 relative=0x0000000000000364
Event: 28.015 Thread 0x000001ea7f7ac030 Uncommon trap: reason=profile_predicate action=maybe_recompile pc=0x000001ea72687824 method=java.util.Arrays$ArrayList.indexOf(Ljava/lang/Object;)I @ 39 c2
Event: 28.015 Thread 0x000001ea7f7ac030 DEOPT PACKING pc=0x000001ea72687824 sp=0x000000b2d01fe5d0
Event: 28.015 Thread 0x000001ea7f7ac030 DEOPT UNPACKING pc=0x000001ea71e846a2 sp=0x000000b2d01fe558 mode 2
Event: 28.015 Thread 0x000001ea7f7ac030 Uncommon trap: trap_request=0xffffffbe fr.pc=0x000001ea72687824 relative=0x0000000000000364
Event: 28.015 Thread 0x000001ea7f7ac030 Uncommon trap: reason=profile_predicate action=maybe_recompile pc=0x000001ea72687824 method=java.util.Arrays$ArrayList.indexOf(Ljava/lang/Object;)I @ 39 c2
Event: 28.015 Thread 0x000001ea7f7ac030 DEOPT PACKING pc=0x000001ea72687824 sp=0x000000b2d01fdfa0
Event: 28.015 Thread 0x000001ea7f7ac030 DEOPT UNPACKING pc=0x000001ea71e846a2 sp=0x000000b2d01fdf28 mode 2
Event: 28.016 Thread 0x000001ea7f7ac030 Uncommon trap: trap_request=0xffffffbe fr.pc=0x000001ea72687824 relative=0x0000000000000364
Event: 28.016 Thread 0x000001ea7f7ac030 Uncommon trap: reason=profile_predicate action=maybe_recompile pc=0x000001ea72687824 method=java.util.Arrays$ArrayList.indexOf(Ljava/lang/Object;)I @ 39 c2
Event: 28.016 Thread 0x000001ea7f7ac030 DEOPT PACKING pc=0x000001ea72687824 sp=0x000000b2d01fdf70
Event: 28.016 Thread 0x000001ea7f7ac030 DEOPT UNPACKING pc=0x000001ea71e846a2 sp=0x000000b2d01fdef8 mode 2
Event: 28.145 Thread 0x000001ea7f7ac030 DEOPT PACKING pc=0x000001ea6adb4bdb sp=0x000000b2d01fdb20
Event: 28.145 Thread 0x000001ea7f7ac030 DEOPT UNPACKING pc=0x000001ea71e84e42 sp=0x000000b2d01fcfa8 mode 0
Event: 28.526 Thread 0x000001ea64c5aa20 Uncommon trap: trap_request=0xffffff45 fr.pc=0x000001ea7249acd8 relative=0x00000000000000b8
Event: 28.526 Thread 0x000001ea64c5aa20 Uncommon trap: reason=unstable_if action=reinterpret pc=0x000001ea7249acd8 method=java.lang.Integer.stringSize(I)I @ 3 c2
Event: 28.526 Thread 0x000001ea64c5aa20 DEOPT PACKING pc=0x000001ea7249acd8 sp=0x000000b2ce6fd980
Event: 28.526 Thread 0x000001ea64c5aa20 DEOPT UNPACKING pc=0x000001ea71e846a2 sp=0x000000b2ce6fd908 mode 2

Classes loaded (20 events):
Event: 28.516 Loading class java/util/stream/ReduceOps$1
Event: 28.516 Loading class java/util/stream/ReduceOps$1 done
Event: 28.516 Loading class java/util/stream/ReduceOps$1ReducingSink
Event: 28.517 Loading class java/util/stream/ReduceOps$1ReducingSink done
Event: 28.923 Loading class javax/naming/RefAddr
Event: 28.923 Loading class javax/naming/RefAddr done
Event: 28.923 Loading class javax/naming/StringRefAddr
Event: 28.924 Loading class javax/naming/StringRefAddr done
Event: 29.064 Loading class java/util/concurrent/CompletionStage
Event: 29.065 Loading class java/util/concurrent/CompletionStage done
Event: 29.069 Loading class java/util/concurrent/CompletableFuture
Event: 29.073 Loading class java/util/concurrent/CompletableFuture done
Event: 29.073 Loading class java/util/concurrent/CompletableFuture$AltResult
Event: 29.073 Loading class java/util/concurrent/CompletableFuture$AltResult done
Event: 29.074 Loading class java/util/concurrent/CompletableFuture$Completion
Event: 29.074 Loading class java/util/concurrent/CompletableFuture$AsynchronousCompletionTask
Event: 29.074 Loading class java/util/concurrent/CompletableFuture$AsynchronousCompletionTask done
Event: 29.092 Loading class java/util/concurrent/CompletableFuture$Completion done
Event: 29.278 Loading class java/util/concurrent/CancellationException
Event: 29.279 Loading class java/util/concurrent/CancellationException done

Classes unloaded (0 events):
No events

Classes redefined (0 events):
No events

Internal exceptions (20 events):
Event: 12.931 Thread 0x000001ea64c5aa20 Exception <a 'java/lang/NoSuchMethodError'{0x00000000cd35bba8}: 'void java.lang.invoke.DirectMethodHandle$Holder.invokeStatic(java.lang.Object, java.lang.Object, java.lang.Object, int, java.lang.Object)'> (0x00000000cd35bba8) 
thrown [s\src\hotspot\share\interpreter\linkResolver.cpp, line 773]
Event: 12.932 Thread 0x000001ea64c5aa20 Exception <a 'java/lang/NoSuchMethodError'{0x00000000cd362448}: 'java.lang.Object java.lang.invoke.DirectMethodHandle$Holder.newInvokeSpecial(java.lang.Object, java.lang.Object, java.lang.Object, int)'> (0x00000000cd362448) 
thrown [s\src\hotspot\share\interpreter\linkResolver.cpp, line 773]
Event: 12.932 Thread 0x000001ea64c5aa20 Exception <a 'java/lang/NoSuchMethodError'{0x00000000cd3662f8}: 'java.lang.Object java.lang.invoke.DirectMethodHandle$Holder.invokeSpecial(java.lang.Object, java.lang.Object, java.lang.Object, java.lang.Object, int)'> (0x00000000cd3662f8) 
thrown [s\src\hotspot\share\interpreter\linkResolver.cpp, line 773]
Event: 12.932 Thread 0x000001ea64c5aa20 Exception <a 'java/lang/NoSuchMethodError'{0x00000000cd369790}: 'java.lang.Object java.lang.invoke.Invokers$Holder.linkToTargetMethod(java.lang.Object, java.lang.Object, int, java.lang.Object)'> (0x00000000cd369790) 
thrown [s\src\hotspot\share\interpreter\linkResolver.cpp, line 773]
Event: 13.258 Thread 0x000001ea64c5aa20 Exception <a 'java/lang/NoSuchMethodError'{0x00000000cc909600}: 'java.lang.Object java.lang.invoke.DirectMethodHandle$Holder.invokeStaticInit(java.lang.Object, int, int, int, int)'> (0x00000000cc909600) 
thrown [s\src\hotspot\share\interpreter\linkResolver.cpp, line 773]
Event: 13.355 Thread 0x000001ea64c5aa20 Exception <a 'java/lang/NoSuchMethodError'{0x00000000cc9cde70}: 'java.lang.Object java.lang.invoke.DirectMethodHandle$Holder.invokeStaticInit(java.lang.Object, java.lang.Object, int, int, int, int)'> (0x00000000cc9cde70) 
thrown [s\src\hotspot\share\interpreter\linkResolver.cpp, line 773]
Event: 13.639 Thread 0x000001ea64c5aa20 Exception <a 'java/lang/NoSuchMethodError'{0x00000000cc546d30}: 'int java.lang.invoke.DirectMethodHandle$Holder.invokeVirtual(java.lang.Object, java.lang.Object, java.lang.Object, java.lang.Object)'> (0x00000000cc546d30) 
thrown [s\src\hotspot\share\interpreter\linkResolver.cpp, line 773]
Event: 13.639 Thread 0x000001ea64c5aa20 Exception <a 'java/lang/NoSuchMethodError'{0x00000000cc54a7b8}: 'int java.lang.invoke.DelegatingMethodHandle$Holder.reinvoke_L(java.lang.Object, java.lang.Object, java.lang.Object, java.lang.Object)'> (0x00000000cc54a7b8) 
thrown [s\src\hotspot\share\interpreter\linkResolver.cpp, line 773]
Event: 13.831 Thread 0x000001ea64c5aa20 Exception <a 'java/io/FileNotFoundException'{0x00000000cc35a3c8}> (0x00000000cc35a3c8) 
thrown [s\src\hotspot\share\prims\jni.cpp, line 520]
Event: 14.108 Thread 0x000001ea64c5aa20 Exception <a 'java/lang/NoSuchMethodError'{0x00000000cc1163b0}: 'int java.lang.invoke.DirectMethodHandle$Holder.invokeInterface(java.lang.Object, java.lang.Object, java.lang.Object, java.lang.Object)'> (0x00000000cc1163b0) 
thrown [s\src\hotspot\share\interpreter\linkResolver.cpp, line 773]
Event: 15.372 Thread 0x000001ea64c5aa20 Exception <a 'java/lang/NoSuchMethodError'{0x00000000cbf14640}: 'long java.lang.invoke.DirectMethodHandle$Holder.invokeVirtual(java.lang.Object, java.lang.Object)'> (0x00000000cbf14640) 
thrown [s\src\hotspot\share\interpreter\linkResolver.cpp, line 773]
Event: 17.287 Thread 0x000001ea64c5aa20 Exception <a 'java/lang/NoSuchMethodError'{0x00000000cbbb3de0}: 'java.lang.Object java.lang.invoke.DirectMethodHandle$Holder.newInvokeSpecial(java.lang.Object, java.lang.Object, java.lang.Object, java.lang.Object, java.lang.Object, java.lang.Object, java.lang.Object, java.lang.Object, java.lang.Object, java.lang.Object, java.lang.Object)'> (0x00000000cbbb3de0) 
thrown [s\src\hotspot\share\interpreter\linkResolver.cpp, line 773]
Event: 18.141 Thread 0x000001ea64c5aa20 Exception <a 'java/lang/NoSuchMethodError'{0x00000000cb8e4ef8}: 'void java.lang.invoke.DelegatingMethodHandle$Holder.reinvoke_L(java.lang.Object, java.lang.Object, java.lang.Object, java.lang.Object, int, java.lang.Object, java.lang.Object, java.lang.Object)'> (0x00000000cb8e4ef8) 
thrown [s\src\hotspot\share\interpreter\linkResolver.cpp, line 773]
Event: 22.794 Thread 0x000001ea64c5aa20 Exception <a 'java/lang/NoSuchMethodError'{0x00000000ccabb6e0}: 'int java.lang.invoke.DirectMethodHandle$Holder.invokeStatic(java.lang.Object)'> (0x00000000ccabb6e0) 
thrown [s\src\hotspot\share\interpreter\linkResolver.cpp, line 773]
Event: 23.389 Thread 0x000001ea64c5aa20 Exception <a 'sun/nio/fs/WindowsException'{0x00000000cc28c350}> (0x00000000cc28c350) 
thrown [s\src\hotspot\share\prims\jni.cpp, line 520]
Event: 26.135 Thread 0x000001ea64c5aa20 Exception <a 'java/lang/NoSuchMethodError'{0x00000000cb866bf0}: 'java.lang.Object java.lang.invoke.DirectMethodHandle$Holder.invokeStaticInit(java.lang.Object, java.lang.Object, java.lang.Object, java.lang.Object)'> (0x00000000cb866bf0) 
thrown [s\src\hotspot\share\interpreter\linkResolver.cpp, line 773]
Event: 26.274 Thread 0x000001ea64c5aa20 Exception <a 'java/lang/NoSuchMethodError'{0x00000000cb8f18a0}: 'int java.lang.invoke.Invokers$Holder.invokeExact_MT(java.lang.Object, java.lang.Object)'> (0x00000000cb8f18a0) 
thrown [s\src\hotspot\share\interpreter\linkResolver.cpp, line 773]
Event: 29.315 Thread 0x000001ea64c5aa20 Exception <a 'java/lang/IncompatibleClassChangeError'{0x00000000cbe643b0}: Found class java.lang.Object, but interface was expected> (0x00000000cbe643b0) 
thrown [s\src\hotspot\share\interpreter\linkResolver.cpp, line 840]
Event: 29.347 Thread 0x000001ea64c5aa20 Exception <a 'java/lang/NoSuchMethodError'{0x00000000cbd37138}: 'java.lang.Object java.lang.invoke.DirectMethodHandle$Holder.invokeStatic(java.lang.Object, java.lang.Object, int, java.lang.Object)'> (0x00000000cbd37138) 
thrown [s\src\hotspot\share\interpreter\linkResolver.cpp, line 773]
Event: 29.347 Thread 0x000001ea64c5aa20 Exception <a 'java/lang/NoSuchMethodError'{0x00000000cbd3a940}: 'java.lang.Object java.lang.invoke.DirectMethodHandle$Holder.invokeStaticInit(java.lang.Object, java.lang.Object, int, java.lang.Object)'> (0x00000000cbd3a940) 
thrown [s\src\hotspot\share\interpreter\linkResolver.cpp, line 773]

ZGC Phase Switch (0 events):
No events

VM Operations (20 events):
Event: 23.310 Executing VM operation: HandshakeAllThreads (Deoptimize)
Event: 23.310 Executing VM operation: HandshakeAllThreads (Deoptimize) done
Event: 23.393 Executing VM operation: HandshakeAllThreads (Deoptimize)
Event: 23.393 Executing VM operation: HandshakeAllThreads (Deoptimize) done
Event: 23.400 Executing VM operation: HandshakeAllThreads (Deoptimize)
Event: 23.400 Executing VM operation: HandshakeAllThreads (Deoptimize) done
Event: 24.411 Executing VM operation: Cleanup
Event: 24.412 Executing VM operation: Cleanup done
Event: 24.887 Executing VM operation: HandshakeAllThreads (Deoptimize)
Event: 24.887 Executing VM operation: HandshakeAllThreads (Deoptimize) done
Event: 25.898 Executing VM operation: Cleanup
Event: 25.898 Executing VM operation: Cleanup done
Event: 26.734 Executing VM operation: G1CollectForAllocation (G1 Evacuation Pause)
Event: 26.740 Executing VM operation: G1CollectForAllocation (G1 Evacuation Pause) done
Event: 27.748 Executing VM operation: Cleanup
Event: 27.844 Executing VM operation: Cleanup done
Event: 28.853 Executing VM operation: Cleanup
Event: 28.876 Executing VM operation: Cleanup done
Event: 29.815 Executing VM operation: G1CollectForAllocation (G1 Evacuation Pause)
Event: 29.829 Executing VM operation: G1CollectForAllocation (G1 Evacuation Pause) done

Memory protections (0 events):
No events

Nmethod flushes (20 events):
Event: 22.415 Thread 0x000001ea6700e410 flushing  nmethod 0x000001ea6aacc410
Event: 22.415 Thread 0x000001ea6700e410 flushing  nmethod 0x000001ea6aacd990
Event: 22.415 Thread 0x000001ea6700e410 flushing  nmethod 0x000001ea6aacdf10
Event: 22.415 Thread 0x000001ea6700e410 flushing  nmethod 0x000001ea6aacea90
Event: 22.415 Thread 0x000001ea6700e410 flushing  nmethod 0x000001ea6aaefb90
Event: 22.415 Thread 0x000001ea6700e410 flushing  nmethod 0x000001ea6ab19a10
Event: 22.415 Thread 0x000001ea6700e410 flushing  nmethod 0x000001ea6ab1a010
Event: 22.415 Thread 0x000001ea6700e410 flushing  nmethod 0x000001ea6ab1ab10
Event: 22.415 Thread 0x000001ea6700e410 flushing  nmethod 0x000001ea6ab25c90
Event: 22.415 Thread 0x000001ea6700e410 flushing  nmethod 0x000001ea6ab85310
Event: 22.415 Thread 0x000001ea6700e410 flushing  nmethod 0x000001ea6ab9d090
Event: 22.415 Thread 0x000001ea6700e410 flushing  nmethod 0x000001ea6aba7e90
Event: 22.415 Thread 0x000001ea6700e410 flushing  nmethod 0x000001ea6ac23e90
Event: 22.415 Thread 0x000001ea6700e410 flushing  nmethod 0x000001ea6ac28090
Event: 22.415 Thread 0x000001ea6700e410 flushing  nmethod 0x000001ea6ac42210
Event: 22.415 Thread 0x000001ea6700e410 flushing  nmethod 0x000001ea6acc2990
Event: 22.415 Thread 0x000001ea6700e410 flushing  nmethod 0x000001ea6acc3a10
Event: 22.415 Thread 0x000001ea6700e410 flushing osr nmethod 0x000001ea6ad0a010
Event: 22.415 Thread 0x000001ea6700e410 flushing  nmethod 0x000001ea6ad7d590
Event: 22.415 Thread 0x000001ea6700e410 flushing  nmethod 0x000001ea6aea7810

Events (20 events):
Event: 0.126 Thread 0x000001ea64c5aa20 Thread added: 0x000001ea7cdb8930
Event: 0.126 Thread 0x000001ea64c5aa20 Thread added: 0x000001ea7cdbb2b0
Event: 0.127 Thread 0x000001ea64c5aa20 Thread added: 0x000001ea7cdbff00
Event: 0.127 Thread 0x000001ea64c5aa20 Thread added: 0x000001ea7cdc0950
Event: 0.127 Thread 0x000001ea64c5aa20 Thread added: 0x000001ea7cdc17b0
Event: 0.127 Thread 0x000001ea64c5aa20 Thread added: 0x000001ea7cdc2200
Event: 0.127 Thread 0x000001ea64c5aa20 Thread added: 0x000001ea7cdc3f90
Event: 0.135 Thread 0x000001ea64c5aa20 Thread added: 0x000001ea7ce33100
Event: 0.716 Thread 0x000001ea64c5aa20 Thread added: 0x000001ea7cf08d50
Event: 0.729 Thread 0x000001ea64c5aa20 Thread added: 0x000001ea7cf11b80
Event: 3.579 Thread 0x000001ea64c5aa20 Thread added: 0x000001ea7de1fa10
Event: 6.143 Thread 0x000001ea7de1fa10 Thread exited: 0x000001ea7de1fa10
Event: 6.177 Thread 0x000001ea64c5aa20 Thread added: 0x000001ea7de1fa10
Event: 6.335 Thread 0x000001ea7de1fa10 Thread exited: 0x000001ea7de1fa10
Event: 15.551 Thread 0x000001ea64c5aa20 Thread added: 0x000001ea7e5ef290
Event: 15.559 Thread 0x000001ea64c5aa20 Thread added: 0x000001ea7e83fff0
Event: 15.578 Thread 0x000001ea64c5aa20 Thread added: 0x000001ea7e840650
Event: 16.331 Thread 0x000001ea64c5aa20 Thread added: 0x000001ea7e5aa780
Event: 25.079 Thread 0x000001ea64c5aa20 Thread added: 0x000001ea7f68d1d0
Event: 25.278 Thread 0x000001ea7f68d1d0 Thread added: 0x000001ea7f7ac030


Dynamic libraries:
0x00007ff6e4f80000 - 0x00007ff6e4f8e000 	C:\Users\DELL\.p2\pool\plugins\org.eclipse.justj.openjdk.hotspot.jre.full.win32.x86_64_21.0.8.v20250724-1412\jre\bin\javaw.exe
0x00007ffc0b2b0000 - 0x00007ffc0b4a8000 	C:\WINDOWS\SYSTEM32\ntdll.dll
0x00007ffc097b0000 - 0x00007ffc09872000 	C:\WINDOWS\System32\KERNEL32.DLL
0x00007ffc08c60000 - 0x00007ffc08f56000 	C:\WINDOWS\System32\KERNELBASE.dll
0x00007ffc08f60000 - 0x00007ffc09060000 	C:\WINDOWS\System32\ucrtbase.dll
0x00007ffbfae70000 - 0x00007ffbfae88000 	C:\Users\DELL\.p2\pool\plugins\org.eclipse.justj.openjdk.hotspot.jre.full.win32.x86_64_21.0.8.v20250724-1412\jre\bin\jli.dll
0x00007ffc094c0000 - 0x00007ffc09661000 	C:\WINDOWS\System32\USER32.dll
0x00007ffc090f0000 - 0x00007ffc09112000 	C:\WINDOWS\System32\win32u.dll
0x00007ffc09880000 - 0x00007ffc098ab000 	C:\WINDOWS\System32\GDI32.dll
0x00007ffc08b40000 - 0x00007ffc08c59000 	C:\WINDOWS\System32\gdi32full.dll
0x00007ffc08aa0000 - 0x00007ffc08b3d000 	C:\WINDOWS\System32\msvcp_win.dll
0x00007ffbfaaa0000 - 0x00007ffbfaabe000 	C:\Users\DELL\.p2\pool\plugins\org.eclipse.justj.openjdk.hotspot.jre.full.win32.x86_64_21.0.8.v20250724-1412\jre\bin\VCRUNTIME140.dll
0x00007ffbfb510000 - 0x00007ffbfb7ab000 	C:\WINDOWS\WinSxS\amd64_microsoft.windows.common-controls_6595b64144ccf1df_6.0.19041.6456_none_60b8a6cb71f64256\COMCTL32.dll
0x00007ffc09710000 - 0x00007ffc097ae000 	C:\WINDOWS\System32\msvcrt.dll
0x00007ffc0a700000 - 0x00007ffc0a72f000 	C:\WINDOWS\System32\IMM32.DLL
0x00007ffc04da0000 - 0x00007ffc04dac000 	C:\Users\DELL\.p2\pool\plugins\org.eclipse.justj.openjdk.hotspot.jre.full.win32.x86_64_21.0.8.v20250724-1412\jre\bin\vcruntime140_1.dll
0x00007ffbeb950000 - 0x00007ffbeb9dd000 	C:\Users\DELL\.p2\pool\plugins\org.eclipse.justj.openjdk.hotspot.jre.full.win32.x86_64_21.0.8.v20250724-1412\jre\bin\msvcp140.dll
0x00007ffbda6c0000 - 0x00007ffbdb457000 	C:\Users\DELL\.p2\pool\plugins\org.eclipse.justj.openjdk.hotspot.jre.full.win32.x86_64_21.0.8.v20250724-1412\jre\bin\server\jvm.dll
0x00007ffc0a790000 - 0x00007ffc0a841000 	C:\WINDOWS\System32\ADVAPI32.dll
0x00007ffc0a930000 - 0x00007ffc0a9cf000 	C:\WINDOWS\System32\sechost.dll
0x00007ffc0a140000 - 0x00007ffc0a260000 	C:\WINDOWS\System32\RPCRT4.dll
0x00007ffc08940000 - 0x00007ffc08967000 	C:\WINDOWS\System32\bcrypt.dll
0x00007ffc0b0e0000 - 0x00007ffc0b14b000 	C:\WINDOWS\System32\WS2_32.dll
0x00007ffc087a0000 - 0x00007ffc087eb000 	C:\WINDOWS\SYSTEM32\POWRPROF.dll
0x00007ffbf8f20000 - 0x00007ffbf8f47000 	C:\WINDOWS\SYSTEM32\WINMM.dll
0x00007ffbfed10000 - 0x00007ffbfed1a000 	C:\WINDOWS\SYSTEM32\VERSION.dll
0x00007ffc08780000 - 0x00007ffc08792000 	C:\WINDOWS\SYSTEM32\UMPDC.dll
0x00007ffc067b0000 - 0x00007ffc067c2000 	C:\WINDOWS\SYSTEM32\kernel.appcore.dll
0x00007ffc056b0000 - 0x00007ffc056ba000 	C:\Users\DELL\.p2\pool\plugins\org.eclipse.justj.openjdk.hotspot.jre.full.win32.x86_64_21.0.8.v20250724-1412\jre\bin\jimage.dll
0x00007ffc006a0000 - 0x00007ffc008a1000 	C:\WINDOWS\SYSTEM32\DBGHELP.DLL
0x00007ffbf4130000 - 0x00007ffbf4164000 	C:\WINDOWS\SYSTEM32\dbgcore.DLL
0x00007ffc09060000 - 0x00007ffc090e2000 	C:\WINDOWS\System32\bcryptPrimitives.dll
0x00007ffc03270000 - 0x00007ffc0328f000 	C:\Users\DELL\.p2\pool\plugins\org.eclipse.justj.openjdk.hotspot.jre.full.win32.x86_64_21.0.8.v20250724-1412\jre\bin\java.dll
0x00007ffc099d0000 - 0x00007ffc0a140000 	C:\WINDOWS\System32\SHELL32.dll
0x00007ffc069b0000 - 0x00007ffc07155000 	C:\WINDOWS\SYSTEM32\windows.storage.dll
0x00007ffc0a270000 - 0x00007ffc0a5c4000 	C:\WINDOWS\System32\combase.dll
0x00007ffc08290000 - 0x00007ffc082bb000 	C:\WINDOWS\SYSTEM32\Wldp.dll
0x00007ffc0b010000 - 0x00007ffc0b0dd000 	C:\WINDOWS\System32\OLEAUT32.dll
0x00007ffc092d0000 - 0x00007ffc0937d000 	C:\WINDOWS\System32\SHCORE.dll
0x00007ffc09460000 - 0x00007ffc094bb000 	C:\WINDOWS\System32\shlwapi.dll
0x00007ffc08870000 - 0x00007ffc08894000 	C:\WINDOWS\SYSTEM32\profapi.dll
0x00007ffc00db0000 - 0x00007ffc00dc8000 	C:\Users\DELL\.p2\pool\plugins\org.eclipse.justj.openjdk.hotspot.jre.full.win32.x86_64_21.0.8.v20250724-1412\jre\bin\zip.dll
0x00007ffc05660000 - 0x00007ffc05670000 	C:\Users\DELL\.p2\pool\plugins\org.eclipse.justj.openjdk.hotspot.jre.full.win32.x86_64_21.0.8.v20250724-1412\jre\bin\net.dll
0x00007ffbff2e0000 - 0x00007ffbff3ea000 	C:\WINDOWS\SYSTEM32\WINHTTP.dll
0x00007ffc07ff0000 - 0x00007ffc0805a000 	C:\WINDOWS\system32\mswsock.dll
0x00007ffbfe5a0000 - 0x00007ffbfe5b6000 	C:\Users\DELL\.p2\pool\plugins\org.eclipse.justj.openjdk.hotspot.jre.full.win32.x86_64_21.0.8.v20250724-1412\jre\bin\nio.dll
0x00007ffbfdc50000 - 0x00007ffbfdc5e000 	C:\Users\DELL\.p2\pool\plugins\org.eclipse.justj.openjdk.hotspot.jre.full.win32.x86_64_21.0.8.v20250724-1412\jre\bin\sunmscapi.dll
0x00007ffc09170000 - 0x00007ffc092cd000 	C:\WINDOWS\System32\CRYPT32.dll
0x00007ffc08300000 - 0x00007ffc08327000 	C:\WINDOWS\SYSTEM32\ncrypt.dll
0x00007ffc082c0000 - 0x00007ffc082fb000 	C:\WINDOWS\SYSTEM32\NTASN1.dll
0x00007ffc081f0000 - 0x00007ffc08208000 	C:\WINDOWS\SYSTEM32\CRYPTSP.dll
0x00007ffc07910000 - 0x00007ffc07948000 	C:\WINDOWS\system32\rsaenh.dll
0x00007ffc087f0000 - 0x00007ffc0881e000 	C:\WINDOWS\SYSTEM32\USERENV.dll
0x00007ffc081e0000 - 0x00007ffc081ec000 	C:\WINDOWS\SYSTEM32\CRYPTBASE.dll
0x00007ffc07cd0000 - 0x00007ffc07d0b000 	C:\WINDOWS\SYSTEM32\IPHLPAPI.DLL
0x00007ffc099c0000 - 0x00007ffc099c8000 	C:\WINDOWS\System32\NSI.dll
0x00007ffbfb340000 - 0x00007ffbfb34a000 	C:\Users\DELL\.p2\pool\plugins\org.eclipse.justj.openjdk.hotspot.jre.full.win32.x86_64_21.0.8.v20250724-1412\jre\bin\management.dll
0x00007ffbfb330000 - 0x00007ffbfb33b000 	C:\Users\DELL\.p2\pool\plugins\org.eclipse.justj.openjdk.hotspot.jre.full.win32.x86_64_21.0.8.v20250724-1412\jre\bin\management_ext.dll
0x00007ffc09700000 - 0x00007ffc09708000 	C:\WINDOWS\System32\PSAPI.DLL
0x00007ffbfecd0000 - 0x00007ffbfece0000 	C:\Users\DELL\.p2\pool\plugins\org.eclipse.justj.openjdk.hotspot.jre.full.win32.x86_64_21.0.8.v20250724-1412\jre\bin\verify.dll
0x00007ffc07d10000 - 0x00007ffc07dda000 	C:\WINDOWS\SYSTEM32\DNSAPI.dll
0x00007ffbff5b0000 - 0x00007ffbff5ba000 	C:\Windows\System32\rasadhlp.dll
0x00007ffbfdf00000 - 0x00007ffbfdf80000 	C:\WINDOWS\System32\fwpuclnt.dll
0x00007ffbfb320000 - 0x00007ffbfb329000 	C:\Users\DELL\.p2\pool\plugins\org.eclipse.justj.openjdk.hotspot.jre.full.win32.x86_64_21.0.8.v20250724-1412\jre\bin\extnet.dll

JVMTI agents: none

dbghelp: loaded successfully - version: 4.0.5 - missing functions: none
symbol engine: initialized successfully - sym options: 0x614 - pdb path: .;C:\Users\DELL\.p2\pool\plugins\org.eclipse.justj.openjdk.hotspot.jre.full.win32.x86_64_21.0.8.v20250724-1412\jre\bin;C:\WINDOWS\SYSTEM32;C:\WINDOWS\WinSxS\amd64_microsoft.windows.common-controls_6595b64144ccf1df_6.0.19041.6456_none_60b8a6cb71f64256;C:\Users\DELL\.p2\pool\plugins\org.eclipse.justj.openjdk.hotspot.jre.full.win32.x86_64_21.0.8.v20250724-1412\jre\bin\server

VM Arguments:
jvm_args: -Dfile.encoding=UTF-8 -Dstdout.encoding=UTF-8 -Dstderr.encoding=UTF-8 -XX:+ShowCodeDetailsInExceptionMessages 
java_command: com.employee.employee_api.EmployeeApiApplication
java_class_path (initial): C:\Users\DELL\Downloads\employee-api\employee-api\target\classes;C:\Users\DELL\.m2\repository\org\springframework\boot\spring-boot-starter-web\3.2.5\spring-boot-starter-web-3.2.5.jar;C:\Users\DELL\.m2\repository\org\springframework\boot\spring-boot-starter\3.2.5\spring-boot-starter-3.2.5.jar;C:\Users\DELL\.m2\repository\org\springframework\boot\spring-boot\3.2.5\spring-boot-3.2.5.jar;C:\Users\DELL\.m2\repository\org\springframework\boot\spring-boot-autoconfigure\3.2.5\spring-boot-autoconfigure-3.2.5.jar;C:\Users\DELL\.m2\repository\org\springframework\boot\spring-boot-starter-logging\3.2.5\spring-boot-starter-logging-3.2.5.jar;C:\Users\DELL\.m2\repository\ch\qos\logback\logback-classic\1.4.14\logback-classic-1.4.14.jar;C:\Users\DELL\.m2\repository\ch\qos\logback\logback-core\1.4.14\logback-core-1.4.14.jar;C:\Users\DELL\.m2\repository\org\apache\logging\log4j\log4j-to-slf4j\2.21.1\log4j-to-slf4j-2.21.1.jar;C:\Users\DELL\.m2\repository\org\apache\logging\log4j\log4j-api\2.21.1\log4j-api-2.21.1.jar;C:\Users\DELL\.m2\repository\org\slf4j\jul-to-slf4j\2.0.13\jul-to-slf4j-2.0.13.jar;C:\Users\DELL\.m2\repository\jakarta\annotation\jakarta.annotation-api\2.1.1\jakarta.annotation-api-2.1.1.jar;C:\Users\DELL\.m2\repository\org\yaml\snakeyaml\2.2\snakeyaml-2.2.jar;C:\Users\DELL\.m2\repository\org\springframework\boot\spring-boot-starter-json\3.2.5\spring-boot-starter-json-3.2.5.jar;C:\Users\DELL\.m2\repository\com\fasterxml\jackson\datatype\jackson-datatype-jdk8\2.15.4\jackson-datatype-jdk8-2.15.4.jar;C:\Users\DELL\.m2\repository\com\fasterxml\jackson\datatype\jackson-datatype-jsr310\2.15.4\jackson-datatype-jsr310-2.15.4.jar;C:\Users\DELL\.m2\repository\com\fasterxml\jackson\module\jackson-module-parameter-names\2.15.4\jackson-module-parameter-names-2.15.4.jar;C:\Users\DELL\.m2\repository\org\springframework\boot\spring-boot-starter-tomcat\3.2.5\spring-boot-starter-tomcat-3.2.5.jar;C:\Users\DELL\.m2\repository\org\apache\tomcat\embed\tomcat-embed-core\10.1.20\tomcat-embed-core-10.1.20.jar;C:\Users\DELL\.m2\repository\org\apache\tomcat\embed\tomcat-embed-el\10.1.20\tomcat-embed-el-10.1.20.jar;C:\Users\DELL\.m2\repository\org\apache\tomcat\embed\tomcat-embed-websocket\10.1.20\tomcat-embed-websocket-10.1.20.jar;C:\Users\DELL\.m2\repository\org\springframework\spring-web\6.1.6\spring-web-6.1.6.jar;C:\Users\DELL\.m2\repository\org\springframework\spring-beans\6.1.6\spring-beans-6.1.6.jar;C:\Users\DELL\.m2\repository\io\micrometer\micrometer-observation\1.12.5\micrometer-observation-1.12.5.jar;C:\Users\DELL\.m2\repository\io\micrometer\micrometer-commons\1.12.5\micrometer-commons-1.12.5.jar;C:\Users\DELL\.m2\repository\org\springframework\spring-webmvc\6.1.6\spring-webmvc-6.1.6.jar;C:\Users\DELL\.m2\repository\org\springframework\spring-context\6.1.6\spring-context-6.1.6.jar;C:\Users\DELL\.m2\repository\org\springframework\spring-expression\6.1.6\spring-expression-6.1.6.jar;C:\Users\DELL\.m2\repository\org\springframework\boot\spring-boot-starter-data-jpa\3.2.5\spring-boot-starter-data-jpa-3.2.5.jar;C:\Users\DELL\.m2\repository\org\springframework\boot\spring-boot-starter-aop\3.2.5\spring-boot-starter-aop-3.2.5.jar;C:\Users\DELL\.m2\repository\org\aspectj\aspectjweaver\1.9.22\aspectjweaver-1.9.22.jar;C:\Users\DELL\.m2\repository\org\springframework\boot\spring-boot-starter-jdbc\3.2.5\spring-boot-starter-jdbc-3.2.5.jar;C:\Users\DELL\.m2\repository\com\zaxxer\HikariCP\5.0.1\HikariCP-5.0.1.jar;C:\Users\DELL\.m2\repository\org\springframework\spring-jdbc\6.1.6\spring-jdbc-6.1.6.jar;C:\Users\DELL\.m2\repository\org\hibernate\orm\hibernate-core\6.4.4.Final\hibernate-core-6.4.4.Final.jar;C:\Users\DELL\.m2\repository\jakarta\persistence\jakarta.persistence-api\3.1.0\jakarta.persistence-api-3.1.0.jar;C:\Users\DELL\.m2\repository\jakarta\transaction\jakarta.transaction-api\2.0.1\jakarta.transaction-api-2.0.1.jar;C:\Users\DELL\.m2\repository\org\jboss\logging\jboss-logging\3.5.3.Final\jboss-logging-3.5.3.Final.jar;C:\Users\DELL\.m2\repository\org\hibernate\common\hibernate-commons-annotations\6.0.6.Final\hibernate-commons-annotations-6.0.6.Final.jar;C:\Users\DELL\.m2\repository\io\smallrye\jandex\3.1.2\jandex-3.1.2.jar;C:\Users\DELL\.m2\repository\com\fasterxml\classmate\1.6.0\classmate-1.6.0.jar;C:\Users\DELL\.m2\repository\net\bytebuddy\byte-buddy\1.14.13\byte-buddy-1.14.13.jar;C:\Users\DELL\.m2\repository\org\glassfish\jaxb\jaxb-runtime\4.0.5\jaxb-runtime-4.0.5.jar;C:\Users\DELL\.m2\repository\org\glassfish\jaxb\jaxb-core\4.0.5\jaxb-core-4.0.5.jar;C:\Users\DELL\.m2\repository\org\eclipse\angus\angus-activation\2.0.2\angus-activation-2.0.2.jar;C:\Users\DELL\.m2\repository\org\glassfish\jaxb\txw2\4.0.5\txw2-4.0.5.jar;C:\Users\DELL\.m2\repository\com\sun\istack\istack-commons-runtime\4.1.2\istack-commons-runtime-4.1.2.jar;C:\Users\DELL\.m2\repository\jakarta\inject\jakarta.inject-api\2.0.1\jakarta.inject-api-2.0.1.jar;C:\Users\DELL\.m2\repository\org\antlr\antlr4-runtime\4.13.0\antlr4-runtime-4.13.0.jar;C:\Users\DELL\.m2\repository\org\springframework\data\spring-data-jpa\3.2.5\spring-data-jpa-3.2.5.jar;C:\Users\DELL\.m2\repository\org\springframework\data\spring-data-commons\3.2.5\spring-data-commons-3.2.5.jar;C:\Users\DELL\.m2\repository\org\springframework\spring-orm\6.1.6\spring-orm-6.1.6.jar;C:\Users\DELL\.m2\repository\org\springframework\spring-tx\6.1.6\spring-tx-6.1.6.jar;C:\Users\DELL\.m2\repository\org\slf4j\slf4j-api\2.0.13\slf4j-api-2.0.13.jar;C:\Users\DELL\.m2\repository\org\springframework\spring-aspects\6.1.6\spring-aspects-6.1.6.jar;C:\Users\DELL\.m2\repository\com\mysql\mysql-connector-j\8.3.0\mysql-connector-j-8.3.0.jar;C:\Users\DELL\.m2\repository\org\projectlombok\lombok\1.18.32\lombok-1.18.32.jar;C:\Users\DELL\.m2\repository\jakarta\xml\bind\jakarta.xml.bind-api\4.0.2\jakarta.xml.bind-api-4.0.2.jar;C:\Users\DELL\.m2\repository\jakarta\activation\jakarta.activation-api\2.1.3\jakarta.activation-api-2.1.3.jar;C:\Users\DELL\.m2\repository\org\springframework\spring-core\6.1.6\spring-core-6.1.6.jar;C:\Users\DELL\.m2\repository\org\springframework\spring-jcl\6.1.6\spring-jcl-6.1.6.jar;C:\Users\DELL\.m2\repository\org\springdoc\springdoc-openapi-starter-webmvc-ui\2.5.0\springdoc-openapi-starter-webmvc-ui-2.5.0.jar;C:\Users\DELL\.m2\repository\org\springdoc\springdoc-openapi-starter-webmvc-api\2.5.0\springdoc-openapi-starter-webmvc-api-2.5.0.jar;C:\Users\DELL\.m2\repository\org\springdoc\springdoc-openapi-starter-common\2.5.0\springdoc-openapi-starter-common-2.5.0.jar;C:\Users\DELL\.m2\repository\io\swagger\core\v3\swagger-core-jakarta\2.2.21\swagger-core-jakarta-2.2.21.jar;C:\Users\DELL\.m2\repository\org\apache\commons\commons-lang3\3.13.0\commons-lang3-3.13.0.jar;C:\Users\DELL\.m2\repository\io\swagger\core\v3\swagger-annotations-jakarta\2.2.21\swagger-annotations-jakarta-2.2.21.jar;C:\Users\DELL\.m2\repository\io\swagger\core\v3\swagger-models-jakarta\2.2.21\swagger-models-jakarta-2.2.21.jar;C:\Users\DELL\.m2\repository\jakarta\validation\jakarta.validation-api\3.0.2\jakarta.validation-api-3.0.2.jar;C:\Users\DELL\.m2\repository\com\fasterxml\jackson\dataformat\jackson-dataformat-yaml\2.15.4\jackson-dataformat-yaml-2.15.4.jar;C:\Users\DELL\.m2\repository\org\webjars\swagger-ui\5.13.0\swagger-ui-5.13.0.jar;C:\Users\DELL\.m2\repository\org\springframework\boot\spring-boot-starter-security\3.2.5\spring-boot-starter-security-3.2.5.jar;C:\Users\DELL\.m2\repository\org\springframework\spring-aop\6.1.6\spring-aop-6.1.6.jar;C:\Users\DELL\.m2\repository\org\springframework\security\spring-security-config\6.2.4\spring-security-config-6.2.4.jar;C:\Users\DELL\.m2\repository\org\springframework\security\spring-security-core\6.2.4\spring-security-core-6.2.4.jar;C:\Users\DELL\.m2\repository\org\springframework\security\spring-security-crypto\6.2.4\spring-security-crypto-6.2.4.jar;C:\Users\DELL\.m2\repository\org\springframework\security\spring-security-web\6.2.4\spring-security-web-6.2.4.jar;C:\Users\DELL\.m2\repository\io\jsonwebtoken\jjwt-api\0.11.5\jjwt-api-0.11.5.jar;C:\Users\DELL\.m2\repository\io\jsonwebtoken\jjwt-impl\0.11.5\jjwt-impl-0.11.5.jar;C:\Users\DELL\.m2\repository\io\jsonwebtoken\jjwt-jackson\0.11.5\jjwt-jackson-0.11.5.jar;C:\Users\DELL\.m2\repository\com\fasterxml\jackson\core\jackson-databind\2.15.4\jackson-databind-2.15.4.jar;C:\Users\DELL\.m2\repository\com\fasterxml\jackson\core\jackson-annotations\2.15.4\jackson-annotations-2.15.4.jar;C:\Users\DELL\.m2\repository\com\fasterxml\jackson\core\jackson-core\2.15.4\jackson-core-2.15.4.jar
Launcher Type: SUN_STANDARD

[Global flags]
     intx CICompilerCount                          = 3                                         {product} {ergonomic}
     uint ConcGCThreads                            = 1                                         {product} {ergonomic}
     uint G1ConcRefinementThreads                  = 4                                         {product} {ergonomic}
   size_t G1HeapRegionSize                         = 1048576                                   {product} {ergonomic}
    uintx GCDrainStackTargetSize                   = 64                                        {product} {ergonomic}
   size_t InitialHeapSize                          = 58720256                                  {product} {ergonomic}
   size_t MarkStackSize                            = 4194304                                   {product} {ergonomic}
   size_t MaxHeapSize                              = 910163968                                 {product} {ergonomic}
   size_t MaxNewSize                               = 545259520                                 {product} {ergonomic}
   size_t MinHeapDeltaBytes                        = 1048576                                   {product} {ergonomic}
   size_t MinHeapSize                              = 8388608                                   {product} {ergonomic}
    uintx NonNMethodCodeHeapSize                   = 5832780                                {pd product} {ergonomic}
    uintx NonProfiledCodeHeapSize                  = 122912730                              {pd product} {ergonomic}
    uintx ProfiledCodeHeapSize                     = 122912730                              {pd product} {ergonomic}
    uintx ReservedCodeCacheSize                    = 251658240                              {pd product} {ergonomic}
     bool SegmentedCodeCache                       = true                                      {product} {ergonomic}
     bool ShowCodeDetailsInExceptionMessages       = true                                   {manageable} {command line}
   size_t SoftMaxHeapSize                          = 910163968                              {manageable} {ergonomic}
     bool UseCompressedOops                        = true                           {product lp64_product} {ergonomic}
     bool UseG1GC                                  = true                                      {product} {ergonomic}
     bool UseLargePagesIndividualAllocation        = false                                  {pd product} {ergonomic}

Logging:
Log output configuration:
 #0: stdout all=warning uptime,level,tags foldmultilines=false
 #1: stderr all=off uptime,level,tags foldmultilines=false

Environment Variables:
JAVA_HOME=C:\Program Files\Java\jdk-20
PATH=C:/Users/DELL/.p2/pool/plugins/org.eclipse.justj.openjdk.hotspot.jre.full.win32.x86_64_21.0.8.v20250724-1412/jre/bin/server;C:/Users/DELL/.p2/pool/plugins/org.eclipse.justj.openjdk.hotspot.jre.full.win32.x86_64_21.0.8.v20250724-1412/jre/bin;C:\oraclexe\app\oracle\product\10.2.0\server\bin;C:\Program Files\Java\jdk-20\bin;C:\ProgramData\Microsoft\Windows\Start Menu\Programs\Node.js;C:\Program Files\Git\cmd;C:\Windows\System32;C:\Program Files (x86)\Microsoft SQL Server\160\Tools\Binn\;C:\Program Files\Microsoft SQL Server\160\Tools\Binn\;C:\Program Files\Microsoft SQL Server\Client SDK\ODBC\170\Tools\Binn\;C:\Program Files\Microsoft SQL Server\160\DTS\Binn\;C:\Program Files\Microsoft SQL Server\150\Tools\Binn\;C:\Program Files\dotnet\;C:\Program Files (x86)\Microsoft SQL Server\160\DTS\Binn\;C:\Users\DELL\AppData\Local\nvm;C:\nvm4w\nodejs;C:\Program Files\nodejs\;C:\Users\DELL\AppData\Local\Microsoft\WindowsApps;C:\Program Files\Java\jdk-20\bin;C:\Users\DELL\AppData\Local\Programs\Microsoft VS Code\bin;C:\Users\DELL\.dotnet\tools;C:\Users\DELL\AppData\Local\nvm;C:\nvm4w\nodejs;C:\Users\DELL\AppData\Roaming\npm;C:\Users\DELL\OneDrive\Desktop;
USERNAME=DELL
OS=Windows_NT
PROCESSOR_IDENTIFIER=AMD64 Family 23 Model 24 Stepping 1, AuthenticAMD
TMP=C:\Users\DELL\AppData\Local\Temp
TEMP=C:\Users\DELL\AppData\Local\Temp




Periodic native trim disabled

---------------  S Y S T E M  ---------------

OS:
 Windows 10 , 64 bit Build 19041 (10.0.19041.5915)
OS uptime: 26 days 0:50 hours

CPU: total 4 (initial active 4) (4 cores per cpu, 2 threads per core) family 23 model 24 stepping 1 microcode 0x0, cx8, cmov, fxsr, ht, mmx, 3dnowpref, sse, sse2, sse3, ssse3, sse4a, sse4.1, sse4.2, popcnt, lzcnt, tsc, tscinvbit, avx, avx2, aes, clmul, bmi1, bmi2, adx, sha, fma, vzeroupper, clflush, clflushopt, rdtscp, f16c
Processor Information for the first 4 processors :
  Max Mhz: 2600, Current Mhz: 2600, Mhz Limit: 2600

Memory: 4k page, system-wide physical 3470M (297M free)
TotalPageFile size 14222M (AvailPageFile size 9M)
current process WorkingSet (physical memory assigned to process): 176M, peak: 183M
current process commit charge ("private bytes"): 226M, peak: 226M

vm_info: OpenJDK 64-Bit Server VM (21.0.8+9-LTS) for windows-amd64 JRE (21.0.8+9-LTS), built on 2025-07-15T00:00:00Z by "admin" with MS VC++ 17.7 (VS2022)

END.
